#
# There is insufficient memory for the Java Runtime Environment to continue.
# Native memory allocation (mmap) failed to map 101711872 bytes for committing reserved memory.
# Possible reasons:
#   The system is out of physical RAM or swap space
#   In 32 bit mode, the process size limit was hit
# Possible solutions:
#   Reduce memory load on the system
#   Increase physical memory or swap space
#   Check if swap backing store is full
#   Use 64 bit Java on a 64 bit OS
#   Decrease Java heap size (-Xmx/-Xms)
#   Decrease number of Java threads
#   Decrease Java thread stack sizes (-Xss)
#   Set larger code cache with -XX:ReservedCodeCacheSize=
# This output file may be truncated or incomplete.
#
#  Out of Memory Error (os_linux.cpp:2627), pid=4900, tid=140463685457664
#
# JRE version: Java(TM) SE Runtime Environment (8.0_65-b17) (build 1.8.0_65-b17)
# Java VM: Java HotSpot(TM) 64-Bit Server VM (25.65-b01 mixed mode linux-amd64 compressed oops)
# Failed to write core dump. Core dumps have been disabled. To enable core dumping, try "ulimit -c unlimited" before starting Java again
#

---------------  T H R E A D  ---------------

Current thread (0x00007fc03c07d000):  VMThread [stack: 0x00007fc040035000,0x00007fc040136000] [id=4932]

Stack: [0x00007fc040035000,0x00007fc040136000],  sp=0x00007fc0401342e0,  free space=1020k
Native frames: (J=compiled Java code, j=interpreted, Vv=VM code, C=native code)
V  [libjvm.so+0xab97ea]  VMError::report_and_die()+0x2ba
V  [libjvm.so+0x4f9dcb]  report_vm_out_of_memory(char const*, int, unsigned long, VMErrorType, char const*)+0x8b
V  [libjvm.so+0x91a7c3]  os::Linux::commit_memory_impl(char*, unsigned long, bool)+0x103
V  [libjvm.so+0x91ad19]  os::pd_commit_memory(char*, unsigned long, unsigned long, bool)+0x29
V  [libjvm.so+0x91502a]  os::commit_memory(char*, unsigned long, unsigned long, bool)+0x2a
V  [libjvm.so+0x9886d3]  PSVirtualSpace::expand_by(unsigned long)+0x53
V  [libjvm.so+0x989ad8]  PSYoungGen::resize_generation(unsigned long, unsigned long)+0xf8
V  [libjvm.so+0x988c32]  PSYoungGen::resize(unsigned long, unsigned long)+0x22
V  [libjvm.so+0x985f0b]  PSScavenge::invoke_no_policy()+0xf3b
V  [libjvm.so+0x986691]  PSScavenge::invoke()+0x41
V  [libjvm.so+0x93e430]  ParallelScavengeHeap::failed_mem_allocate(unsigned long)+0x70
V  [libjvm.so+0xabb207]  VM_ParallelGCFailedAllocation::doit()+0x97
V  [libjvm.so+0xac2c35]  VM_Operation::evaluate()+0x55
V  [libjvm.so+0xac100a]  VMThread::evaluate_operation(VM_Operation*)+0xba
V  [libjvm.so+0xac138e]  VMThread::loop()+0x1ce
V  [libjvm.so+0xac1800]  VMThread::run()+0x70
V  [libjvm.so+0x91cb88]  java_start(Thread*)+0x108

VM_Operation (0x00007fc0293a3b70): ParallelGCFailedAllocation, mode: safepoint, requested by thread 0x00007fbfe4002000


---------------  P R O C E S S  ---------------

Java Threads: ( => current thread )
  0x00007fbfd86f1000 JavaThread "shuffle-server-5-1" daemon [_thread_in_native, id=5004, stack(0x00007fc0221d7000,0x00007fc0222d8000)]
  0x00007fbfd8686000 JavaThread "driver-heartbeater" daemon [_thread_blocked, id=5003, stack(0x00007fc0222d8000,0x00007fc0223d9000)]
  0x00007fbfd863e800 JavaThread "dag-scheduler-event-loop" daemon [_thread_blocked, id=5002, stack(0x00007fc0223d9000,0x00007fc0224da000)]
  0x00007fbfb000d000 JavaThread "netty-rpc-env-timeout" daemon [_thread_blocked, id=5001, stack(0x00007fc0224da000,0x00007fc0225db000)]
  0x00007fbfd857c000 JavaThread "Timer-0" daemon [_thread_blocked, id=5000, stack(0x00007fc0225db000,0x00007fc0226dc000)]
  0x00007fbfd4007000 JavaThread "heartbeat-receiver-event-loop-thread" daemon [_thread_blocked, id=4999, stack(0x00007fc022ee4000,0x00007fc022fe5000)]
  0x00007fbfd8558000 JavaThread "SparkUI-73" daemon [_thread_blocked, id=4997, stack(0x00007fc0226dc000,0x00007fc0227dd000)]
  0x00007fbfd854c800 JavaThread "SparkUI-72" daemon [_thread_blocked, id=4996, stack(0x00007fc022de3000,0x00007fc022ee4000)]
  0x00007fbfd8535000 JavaThread "SparkUI-71" daemon [_thread_blocked, id=4995, stack(0x00007fc022be1000,0x00007fc022ce2000)]
  0x00007fbfd8542000 JavaThread "SparkUI-70" daemon [_thread_blocked, id=4994, stack(0x00007fc0229df000,0x00007fc022ae0000)]
  0x00007fbfd8547800 JavaThread "SparkUI-69" daemon [_thread_blocked, id=4993, stack(0x00007fc0227dd000,0x00007fc0228de000)]
  0x00007fbfd8544000 JavaThread "SparkUI-68-acceptor-0@504b1ee1-ServerConnector@5e8cea98{HTTP/1.1}{0.0.0.0:4043}" daemon [_thread_in_native, id=4992, stack(0x00007fc022ce2000,0x00007fc022de3000)]
  0x00007fbfd8540800 JavaThread "SparkUI-67-selector-ServerConnectorManager@79c2d739/1" daemon [_thread_in_native, id=4991, stack(0x00007fc0228de000,0x00007fc0229df000)]
  0x00007fbfd8546000 JavaThread "SparkUI-66-selector-ServerConnectorManager@79c2d739/0" daemon [_thread_in_native, id=4990, stack(0x00007fc022ae0000,0x00007fc022be1000)]
  0x00007fbfd8483800 JavaThread "refresh progress" daemon [_thread_blocked, id=4961, stack(0x00007fc0231e5000,0x00007fc0232e6000)]
  0x00007fbfd8421800 JavaThread "map-output-dispatcher-7" daemon [_thread_blocked, id=4960, stack(0x00007fc0234e6000,0x00007fc0235e7000)]
  0x00007fbfd841f800 JavaThread "map-output-dispatcher-6" daemon [_thread_blocked, id=4959, stack(0x00007fc0235e7000,0x00007fc0236e8000)]
  0x00007fbfd841e000 JavaThread "map-output-dispatcher-5" daemon [_thread_blocked, id=4958, stack(0x00007fc0236e8000,0x00007fc0237e9000)]
  0x00007fbfd841c800 JavaThread "map-output-dispatcher-4" daemon [_thread_blocked, id=4957, stack(0x00007fc0237e9000,0x00007fc0238ea000)]
  0x00007fbfd841b000 JavaThread "map-output-dispatcher-3" daemon [_thread_blocked, id=4956, stack(0x00007fc0238ea000,0x00007fc0239eb000)]
  0x00007fbfd8419000 JavaThread "map-output-dispatcher-2" daemon [_thread_blocked, id=4955, stack(0x00007fc0239eb000,0x00007fc023aec000)]
  0x00007fbfd8416800 JavaThread "map-output-dispatcher-1" daemon [_thread_blocked, id=4954, stack(0x00007fc023aec000,0x00007fc023bed000)]
  0x00007fbfd8415800 JavaThread "map-output-dispatcher-0" daemon [_thread_blocked, id=4953, stack(0x00007fc023bed000,0x00007fc023cee000)]
  0x00007fbfd83ef000 JavaThread "shuffle-server-3-1" daemon [_thread_blocked, id=4952, stack(0x00007fc023cee000,0x00007fc023def000)]
  0x00007fbfd8294800 JavaThread "dispatcher-event-loop-3" daemon [_thread_blocked, id=4951, stack(0x00007fc028242000,0x00007fc028343000)]
  0x00007fbfd829d000 JavaThread "dispatcher-event-loop-2" daemon [_thread_blocked, id=4950, stack(0x00007fc028343000,0x00007fc028444000)]
  0x00007fbfd829b800 JavaThread "dispatcher-event-loop-1" daemon [_thread_blocked, id=4949, stack(0x00007fc028444000,0x00007fc028545000)]
  0x00007fbfd829a800 JavaThread "dispatcher-event-loop-0" daemon [_thread_blocked, id=4948, stack(0x00007fc028b68000,0x00007fc028c69000)]
  0x00007fbfd8192800 JavaThread "process reaper" daemon [_thread_blocked, id=4946, stack(0x00007fc028c69000,0x00007fc028ca2000)]
  0x00007fbfe4002000 JavaThread "Thread-2" [_thread_blocked, id=4944, stack(0x00007fc0292ab000,0x00007fc0293ac000)]
  0x00007fc03cda8000 JavaThread "Thread-1" [_thread_in_native, id=4943, stack(0x00007fc0293ac000,0x00007fc0294ad000)]
  0x00007fc03cda1000 JavaThread "pool-1-thread-1" [_thread_blocked, id=4942, stack(0x00007fc0294ad000,0x00007fc0295ae000)]
  0x00007fc03c0c7800 JavaThread "Service Thread" daemon [_thread_blocked, id=4939, stack(0x00007fc02a8f9000,0x00007fc02a9fa000)]
  0x00007fc03c0c2800 JavaThread "C1 CompilerThread2" daemon [_thread_blocked, id=4938, stack(0x00007fc02a9fa000,0x00007fc02aafb000)]
  0x00007fc03c0c0800 JavaThread "C2 CompilerThread1" daemon [_thread_in_native, id=4937, stack(0x00007fc02aafb000,0x00007fc02abfc000)]
  0x00007fc03c0bd800 JavaThread "C2 CompilerThread0" daemon [_thread_blocked, id=4936, stack(0x00007fc02abfc000,0x00007fc02acfd000)]
  0x00007fc03c0bc000 JavaThread "Signal Dispatcher" daemon [_thread_blocked, id=4935, stack(0x00007fc02acfd000,0x00007fc02adfe000)]
  0x00007fc03c084000 JavaThread "Finalizer" daemon [_thread_blocked, id=4934, stack(0x00007fc02adfe000,0x00007fc02aeff000)]
  0x00007fc03c082000 JavaThread "Reference Handler" daemon [_thread_blocked, id=4933, stack(0x00007fc02aeff000,0x00007fc02b000000)]
  0x00007fc03c00e800 JavaThread "main" [_thread_in_native, id=4927, stack(0x00007fc0450a8000,0x00007fc0451a9000)]

Other Threads:
=>0x00007fc03c07d000 VMThread [stack: 0x00007fc040035000,0x00007fc040136000] [id=4932]
  0x00007fc03c0cb000 WatcherThread [stack: 0x00007fc02a7f8000,0x00007fc02a8f9000] [id=4940]

VM state:at safepoint (normal execution)

VM Mutex/Monitor currently owned by a thread:  ([mutex/lock_event])
[0x00007fc03c00c290] Threads_lock - owner thread: 0x00007fc03c07d000
[0x00007fc03c00c790] Heap_lock - owner thread: 0x00007fbfe4002000

Heap:
 PSYoungGen      total 130048K, used 7654K [0x00000000eab00000, 0x00000000f3200000, 0x0000000100000000)
  eden space 122368K, 0% used [0x00000000eab00000,0x00000000eab00000,0x00000000f2280000)
  from space 7680K, 99% used [0x00000000f2280000,0x00000000f29f98a0,0x00000000f2a00000)
  to   space 7168K, 0% used [0x00000000f2a00000,0x00000000f2a00000,0x00000000f3100000)
 ParOldGen       total 29184K, used 8414K [0x00000000c0000000, 0x00000000c1c80000, 0x00000000eab00000)
  object space 29184K, 28% used [0x00000000c0000000,0x00000000c0837ad0,0x00000000c1c80000)
 Metaspace       used 29384K, capacity 29608K, committed 30080K, reserved 1075200K
  class space    used 4054K, capacity 4109K, committed 4224K, reserved 1048576K

Card table byte_map: [0x00007fc042292000,0x00007fc042493000] byte_map_base: 0x00007fc041c92000

Marking Bits: (ParMarkBitMap*) 0x00007fc044574de0
 Begin Bits: [0x00007fc02b000000, 0x00007fc02c000000)
 End Bits:   [0x00007fc02c000000, 0x00007fc02d000000)

Polling page: 0x00007fc0451b4000

CodeCache: size=245760Kb used=5472Kb max_used=5492Kb free=240287Kb
 bounds [0x00007fc02d000000, 0x00007fc02d570000, 0x00007fc03c000000]
 total_blobs=2113 nmethods=1662 adapters=364
 compilation: enabled

Compilation events (10 events):
Event: 6.265 Thread 0x00007fc03c0c2800 1662       3       sun.reflect.generics.parser.SignatureParser::parseIdentifier (115 bytes)
Event: 6.266 Thread 0x00007fc03c0bd800 1661   !   4       sun.reflect.generics.parser.SignatureParser::current (40 bytes)
Event: 6.267 Thread 0x00007fc03c0c2800 nmethod 1662 0x00007fc02d535310 code [0x00007fc02d535560, 0x00007fc02d5361f8]
Event: 6.267 Thread 0x00007fc03c0c2800 1664       3       java.nio.ByteBuffer::<init> (45 bytes)
Event: 6.268 Thread 0x00007fc03c0c2800 nmethod 1664 0x00007fc02d537c10 code [0x00007fc02d537d80, 0x00007fc02d537fc8]
Event: 6.268 Thread 0x00007fc03c0c2800 1665       3       sun.misc.ProxyGenerator::codeLocalLoadStore (90 bytes)
Event: 6.269 Thread 0x00007fc03c0c2800 nmethod 1665 0x00007fc02d533910 code [0x00007fc02d533b60, 0x00007fc02d534c68]
Event: 6.269 Thread 0x00007fc03c0c2800 1666       3       sun.misc.ProxyGenerator::access$900 (5 bytes)
Event: 6.269 Thread 0x00007fc03c0c2800 nmethod 1666 0x00007fc02d537750 code [0x00007fc02d5378c0, 0x00007fc02d537b08]
Event: 6.270 Thread 0x00007fc03c0bd800 nmethod 1661 0x00007fc02d538f10 code [0x00007fc02d539060, 0x00007fc02d5390f8]

GC Heap History (10 events):
Event: 1.089 GC heap after
Heap after GC invocations=3 (full 0):
 PSYoungGen      total 33280K, used 2536K [0x00000000eab00000, 0x00000000eec00000, 0x0000000100000000)
  eden space 30720K, 0% used [0x00000000eab00000,0x00000000eab00000,0x00000000ec900000)
  from space 2560K, 99% used [0x00000000ec900000,0x00000000ecb7a170,0x00000000ecb80000)
  to   space 2560K, 0% used [0x00000000ee980000,0x00000000ee980000,0x00000000eec00000)
 ParOldGen       total 40960K, used 712K [0x00000000c0000000, 0x00000000c2800000, 0x00000000eab00000)
  object space 40960K, 1% used [0x00000000c0000000,0x00000000c00b22a8,0x00000000c2800000)
 Metaspace       used 8249K, capacity 8756K, committed 8960K, reserved 1056768K
  class space    used 1208K, capacity 1264K, committed 1280K, reserved 1048576K
}
Event: 1.886 GC heap before
{Heap before GC invocations=4 (full 0):
 PSYoungGen      total 33280K, used 33256K [0x00000000eab00000, 0x00000000eec00000, 0x0000000100000000)
  eden space 30720K, 100% used [0x00000000eab00000,0x00000000ec900000,0x00000000ec900000)
  from space 2560K, 99% used [0x00000000ec900000,0x00000000ecb7a170,0x00000000ecb80000)
  to   space 2560K, 0% used [0x00000000ee980000,0x00000000ee980000,0x00000000eec00000)
 ParOldGen       total 40960K, used 712K [0x00000000c0000000, 0x00000000c2800000, 0x00000000eab00000)
  object space 40960K, 1% used [0x00000000c0000000,0x00000000c00b22a8,0x00000000c2800000)
 Metaspace       used 12787K, capacity 12896K, committed 13184K, reserved 1060864K
  class space    used 1830K, capacity 1874K, committed 1920K, reserved 1048576K
Event: 1.897 GC heap after
Heap after GC invocations=4 (full 0):
 PSYoungGen      total 64000K, used 2551K [0x00000000eab00000, 0x00000000eec00000, 0x0000000100000000)
  eden space 61440K, 0% used [0x00000000eab00000,0x00000000eab00000,0x00000000ee700000)
  from space 2560K, 99% used [0x00000000ee980000,0x00000000eebfdf08,0x00000000eec00000)
  to   space 2560K, 0% used [0x00000000ee700000,0x00000000ee700000,0x00000000ee980000)
 ParOldGen       total 40960K, used 2552K [0x00000000c0000000, 0x00000000c2800000, 0x00000000eab00000)
  object space 40960K, 6% used [0x00000000c0000000,0x00000000c027e2f8,0x00000000c2800000)
 Metaspace       used 12787K, capacity 12896K, committed 13184K, reserved 1060864K
  class space    used 1830K, capacity 1874K, committed 1920K, reserved 1048576K
}
Event: 2.793 GC heap before
{Heap before GC invocations=5 (full 0):
 PSYoungGen      total 64000K, used 63991K [0x00000000eab00000, 0x00000000eec00000, 0x0000000100000000)
  eden space 61440K, 100% used [0x00000000eab00000,0x00000000ee700000,0x00000000ee700000)
  from space 2560K, 99% used [0x00000000ee980000,0x00000000eebfdf08,0x00000000eec00000)
  to   space 2560K, 0% used [0x00000000ee700000,0x00000000ee700000,0x00000000ee980000)
 ParOldGen       total 40960K, used 2552K [0x00000000c0000000, 0x00000000c2800000, 0x00000000eab00000)
  object space 40960K, 6% used [0x00000000c0000000,0x00000000c027e2f8,0x00000000c2800000)
 Metaspace       used 17430K, capacity 17662K, committed 18048K, reserved 1064960K
  class space    used 2497K, capacity 2565K, committed 2688K, reserved 1048576K
Event: 2.804 GC heap after
Heap after GC invocations=5 (full 0):
 PSYoungGen      total 64000K, used 2553K [0x00000000eab00000, 0x00000000f3100000, 0x0000000100000000)
  eden space 61440K, 0% used [0x00000000eab00000,0x00000000eab00000,0x00000000ee700000)
  from space 2560K, 99% used [0x00000000ee700000,0x00000000ee97e628,0x00000000ee980000)
  to   space 7168K, 0% used [0x00000000f2a00000,0x00000000f2a00000,0x00000000f3100000)
 ParOldGen       total 40960K, used 6394K [0x00000000c0000000, 0x00000000c2800000, 0x00000000eab00000)
  object space 40960K, 15% used [0x00000000c0000000,0x00000000c063ebb8,0x00000000c2800000)
 Metaspace       used 17430K, capacity 17662K, committed 18048K, reserved 1064960K
  class space    used 2497K, capacity 2565K, committed 2688K, reserved 1048576K
}
Event: 3.423 GC heap before
{Heap before GC invocations=6 (full 0):
 PSYoungGen      total 64000K, used 39855K [0x00000000eab00000, 0x00000000f3100000, 0x0000000100000000)
  eden space 61440K, 60% used [0x00000000eab00000,0x00000000ecf6d990,0x00000000ee700000)
  from space 2560K, 99% used [0x00000000ee700000,0x00000000ee97e628,0x00000000ee980000)
  to   space 7168K, 0% used [0x00000000f2a00000,0x00000000f2a00000,0x00000000f3100000)
 ParOldGen       total 40960K, used 6394K [0x00000000c0000000, 0x00000000c2800000, 0x00000000eab00000)
  object space 40960K, 15% used [0x00000000c0000000,0x00000000c063ebb8,0x00000000c2800000)
 Metaspace       used 20876K, capacity 21060K, committed 21248K, reserved 1067008K
  class space    used 2929K, capacity 3015K, committed 3072K, reserved 1048576K
Event: 3.436 GC heap after
Heap after GC invocations=6 (full 0):
 PSYoungGen      total 129536K, used 5702K [0x00000000eab00000, 0x00000000f3200000, 0x0000000100000000)
  eden space 122368K, 0% used [0x00000000eab00000,0x00000000eab00000,0x00000000f2280000)
  from space 7168K, 79% used [0x00000000f2a00000,0x00000000f2f91930,0x00000000f3100000)
  to   space 7680K, 0% used [0x00000000f2280000,0x00000000f2280000,0x00000000f2a00000)
 ParOldGen       total 40960K, used 6466K [0x00000000c0000000, 0x00000000c2800000, 0x00000000eab00000)
  object space 40960K, 15% used [0x00000000c0000000,0x00000000c0650bc8,0x00000000c2800000)
 Metaspace       used 20876K, capacity 21060K, committed 21248K, reserved 1067008K
  class space    used 2929K, capacity 3015K, committed 3072K, reserved 1048576K
}
Event: 3.436 GC heap before
{Heap before GC invocations=7 (full 1):
 PSYoungGen      total 129536K, used 5702K [0x00000000eab00000, 0x00000000f3200000, 0x0000000100000000)
  eden space 122368K, 0% used [0x00000000eab00000,0x00000000eab00000,0x00000000f2280000)
  from space 7168K, 79% used [0x00000000f2a00000,0x00000000f2f91930,0x00000000f3100000)
  to   space 7680K, 0% used [0x00000000f2280000,0x00000000f2280000,0x00000000f2a00000)
 ParOldGen       total 40960K, used 6466K [0x00000000c0000000, 0x00000000c2800000, 0x00000000eab00000)
  object space 40960K, 15% used [0x00000000c0000000,0x00000000c0650bc8,0x00000000c2800000)
 Metaspace       used 20876K, capacity 21060K, committed 21248K, reserved 1067008K
  class space    used 2929K, capacity 3015K, committed 3072K, reserved 1048576K
Event: 3.470 GC heap after
Heap after GC invocations=7 (full 1):
 PSYoungGen      total 129536K, used 0K [0x00000000eab00000, 0x00000000f3200000, 0x0000000100000000)
  eden space 122368K, 0% used [0x00000000eab00000,0x00000000eab00000,0x00000000f2280000)
  from space 7168K, 0% used [0x00000000f2a00000,0x00000000f2a00000,0x00000000f3100000)
  to   space 7680K, 0% used [0x00000000f2280000,0x00000000f2280000,0x00000000f2a00000)
 ParOldGen       total 29184K, used 6255K [0x00000000c0000000, 0x00000000c1c80000, 0x00000000eab00000)
  object space 29184K, 21% used [0x00000000c0000000,0x00000000c061be78,0x00000000c1c80000)
 Metaspace       used 20876K, capacity 21060K, committed 21248K, reserved 1067008K
  class space    used 2929K, capacity 3015K, committed 3072K, reserved 1048576K
}
Event: 6.297 GC heap before
{Heap before GC invocations=8 (full 1):
 PSYoungGen      total 129536K, used 122368K [0x00000000eab00000, 0x00000000f3200000, 0x0000000100000000)
  eden space 122368K, 100% used [0x00000000eab00000,0x00000000f2280000,0x00000000f2280000)
  from space 7168K, 0% used [0x00000000f2a00000,0x00000000f2a00000,0x00000000f3100000)
  to   space 7680K, 0% used [0x00000000f2280000,0x00000000f2280000,0x00000000f2a00000)
 ParOldGen       total 29184K, used 6255K [0x00000000c0000000, 0x00000000c1c80000, 0x00000000eab00000)
  object space 29184K, 21% used [0x00000000c0000000,0x00000000c061be78,0x00000000c1c80000)
 Metaspace       used 29384K, capacity 29608K, committed 30080K, reserved 1075200K
  class space    used 4054K, capacity 4109K, committed 4224K, reserved 1048576K

Deoptimization events (10 events):
Event: 1.793 Thread 0x00007fbfe4002000 Uncommon trap: reason=unstable_if action=reinterpret pc=0x00007fc02d23ccc4 method=java.util.HashMap.getNode(ILjava/lang/Object;)Ljava/util/HashMap$Node; @ 62
Event: 1.794 Thread 0x00007fbfe4002000 Uncommon trap: reason=unstable_if action=reinterpret pc=0x00007fc02d20bb24 method=java.util.HashMap.getNode(ILjava/lang/Object;)Ljava/util/HashMap$Node; @ 62
Event: 3.022 Thread 0x00007fbfe4002000 Uncommon trap: reason=unstable_if action=reinterpret pc=0x00007fc02d26c348 method=sun.misc.MetaIndex.mayContain(Ljava/lang/String;)Z @ 38
Event: 4.130 Thread 0x00007fbfe4002000 Uncommon trap: reason=unstable_if action=reinterpret pc=0x00007fc02d42a450 method=java.util.jar.Manifest$FastInputStream.readLine([BII)I @ 87
Event: 4.166 Thread 0x00007fbfe4002000 Uncommon trap: reason=unstable_if action=reinterpret pc=0x00007fc02d438930 method=java.lang.ClassLoader.checkName(Ljava/lang/String;)Z @ 20
Event: 4.166 Thread 0x00007fbfe4002000 Uncommon trap: reason=unstable_if action=reinterpret pc=0x00007fc02d2cd318 method=java.lang.ClassLoader.checkName(Ljava/lang/String;)Z @ 20
Event: 4.249 Thread 0x00007fbfe4002000 Uncommon trap: reason=unstable_if action=reinterpret pc=0x00007fc02d3fcb80 method=sun.net.www.protocol.jar.Handler.parseURL(Ljava/net/URL;Ljava/lang/String;II)V @ 94
Event: 4.695 Thread 0x00007fbfe4002000 Uncommon trap: reason=unstable_if action=reinterpret pc=0x00007fc02d4d100c method=java.lang.ThreadLocal$ThreadLocalMap.getEntry(Ljava/lang/ThreadLocal;)Ljava/lang/ThreadLocal$ThreadLocalMap$Entry; @ 29
Event: 4.750 Thread 0x00007fbfd829d000 Uncommon trap: reason=class_check action=maybe_recompile pc=0x00007fc02d37ebb8 method=java.util.concurrent.ConcurrentHashMap.putVal(Ljava/lang/Object;Ljava/lang/Object;Z)Ljava/lang/Object; @ 192
Event: 5.320 Thread 0x00007fbfe4002000 Uncommon trap: reason=predicate action=maybe_recompile pc=0x00007fc02d4d9b44 method=org.spark_project.jetty.util.component.ContainerLifeCycle.updateBeans([Ljava/lang/Object;[Ljava/lang/Object;)V @ 104

Internal exceptions (10 events):
Event: 2.355 Thread 0x00007fbfe4002000 Exception <a 'java/lang/reflect/InvocationTargetException'> (0x00000000ec341f10) thrown at [/HUDSON/workspace/8-2-build-linux-amd64/jdk8u65/4987/hotspot/src/share/vm/runtime/reflection.cpp, line 1092]
Event: 2.873 Thread 0x00007fbfe4002000 Exception <a 'java/lang/ArrayIndexOutOfBoundsException'> (0x00000000ead9ead0) thrown at [/HUDSON/workspace/8-2-build-linux-amd64/jdk8u65/4987/hotspot/src/share/vm/runtime/sharedRuntime.cpp, line 605]
Event: 2.873 Thread 0x00007fbfe4002000 Exception <a 'java/lang/ArrayIndexOutOfBoundsException'> (0x00000000ead9ff18) thrown at [/HUDSON/workspace/8-2-build-linux-amd64/jdk8u65/4987/hotspot/src/share/vm/runtime/sharedRuntime.cpp, line 605]
Event: 2.929 Thread 0x00007fbfe4002000 Exception <a 'java/lang/ClassCastException': sun.misc.Cleaner cannot be cast to java.lang.Runnable> (0x00000000eb127ca0) thrown at [/HUDSON/workspace/8-2-build-linux-amd64/jdk8u65/4987/hotspot/src/share/vm/interpreter/interpreterRuntime.cpp, line 381]
Event: 3.067 Thread 0x00007fbfe4002000 Exception <a 'java/lang/ArrayIndexOutOfBoundsException'> (0x00000000eb99ca90) thrown at [/HUDSON/workspace/8-2-build-linux-amd64/jdk8u65/4987/hotspot/src/share/vm/runtime/sharedRuntime.cpp, line 605]
Event: 3.067 Thread 0x00007fbfe4002000 Exception <a 'java/lang/ArrayIndexOutOfBoundsException'> (0x00000000eb99daa8) thrown at [/HUDSON/workspace/8-2-build-linux-amd64/jdk8u65/4987/hotspot/src/share/vm/runtime/sharedRuntime.cpp, line 605]
Event: 4.321 Thread 0x00007fbfe4002000 Exception <a 'java/net/BindException'> (0x00000000edc39ba8) thrown at [/HUDSON/workspace/8-2-build-linux-amd64/jdk8u65/4987/hotspot/src/share/vm/prims/jni.cpp, line 709]
Event: 4.390 Thread 0x00007fbfe4002000 Exception <a 'java/net/BindException'> (0x00000000edd7f1e8) thrown at [/HUDSON/workspace/8-2-build-linux-amd64/jdk8u65/4987/hotspot/src/share/vm/prims/jni.cpp, line 709]
Event: 4.401 Thread 0x00007fbfe4002000 Exception <a 'java/net/BindException'> (0x00000000edf98250) thrown at [/HUDSON/workspace/8-2-build-linux-amd64/jdk8u65/4987/hotspot/src/share/vm/prims/jni.cpp, line 709]
Event: 5.319 Thread 0x00007fbfe4002000 Implicit null exception at 0x00007fc02d4d99a9 to 0x00007fc02d4d9b2f

Events (10 events):
Event: 6.287 loading class org/codehaus/jackson/map/type/ArrayType done
Event: 6.288 loading class org/codehaus/jackson/map/type/CollectionType
Event: 6.288 loading class org/codehaus/jackson/map/type/CollectionType done
Event: 6.290 loading class org/codehaus/jackson/map/type/CollectionLikeType
Event: 6.290 loading class org/codehaus/jackson/map/type/CollectionLikeType done
Event: 6.291 loading class org/codehaus/jackson/map/type/MapType
Event: 6.291 loading class org/codehaus/jackson/map/type/MapType done
Event: 6.292 loading class org/codehaus/jackson/map/type/MapLikeType
Event: 6.292 loading class org/codehaus/jackson/map/type/MapLikeType done
Event: 6.296 Executing VM operation: ParallelGCFailedAllocation


Dynamic libraries:
00400000-00401000 r-xp 00000000 fd:00 34592195                           /usr/local/jdk/bin/java
00600000-00601000 rw-p 00000000 fd:00 34592195                           /usr/local/jdk/bin/java
00b47000-00b68000 rw-p 00000000 00:00 0                                  [heap]
c0000000-c1c80000 rw-p 00000000 00:00 0 
c1c80000-eab00000 ---p 00000000 00:00 0 
eab00000-f3200000 rw-p 00000000 00:00 0 
f9300000-100000000 ---p 00000000 00:00 0 
100000000-100420000 rw-p 00000000 00:00 0 
100420000-140000000 ---p 00000000 00:00 0 
7fbfa0000000-7fbfa0021000 rw-p 00000000 00:00 0 
7fbfa0021000-7fbfa4000000 ---p 00000000 00:00 0 
7fbfa8000000-7fbfa8021000 rw-p 00000000 00:00 0 
7fbfa8021000-7fbfac000000 ---p 00000000 00:00 0 
7fbfac000000-7fbfac021000 rw-p 00000000 00:00 0 
7fbfac021000-7fbfb0000000 ---p 00000000 00:00 0 
7fbfb0000000-7fbfb0043000 rw-p 00000000 00:00 0 
7fbfb0043000-7fbfb4000000 ---p 00000000 00:00 0 
7fbfb4000000-7fbfb4021000 rw-p 00000000 00:00 0 
7fbfb4021000-7fbfb8000000 ---p 00000000 00:00 0 
7fbfb8000000-7fbfb8021000 rw-p 00000000 00:00 0 
7fbfb8021000-7fbfbc000000 ---p 00000000 00:00 0 
7fbfbc000000-7fbfbc021000 rw-p 00000000 00:00 0 
7fbfbc021000-7fbfc0000000 ---p 00000000 00:00 0 
7fbfc0000000-7fbfc0021000 rw-p 00000000 00:00 0 
7fbfc0021000-7fbfc4000000 ---p 00000000 00:00 0 
7fbfc4000000-7fbfc4021000 rw-p 00000000 00:00 0 
7fbfc4021000-7fbfc8000000 ---p 00000000 00:00 0 
7fbfc8000000-7fbfc8021000 rw-p 00000000 00:00 0 
7fbfc8021000-7fbfcc000000 ---p 00000000 00:00 0 
7fbfcc000000-7fbfcc021000 rw-p 00000000 00:00 0 
7fbfcc021000-7fbfd0000000 ---p 00000000 00:00 0 
7fbfd0000000-7fbfd0021000 rw-p 00000000 00:00 0 
7fbfd0021000-7fbfd4000000 ---p 00000000 00:00 0 
7fbfd4000000-7fbfd4021000 rw-p 00000000 00:00 0 
7fbfd4021000-7fbfd8000000 ---p 00000000 00:00 0 
7fbfd8000000-7fbfd8c8b000 rw-p 00000000 00:00 0 
7fbfd8c8b000-7fbfdc000000 ---p 00000000 00:00 0 
7fbfdc000000-7fbfdc021000 rw-p 00000000 00:00 0 
7fbfdc021000-7fbfe0000000 ---p 00000000 00:00 0 
7fbfe0000000-7fbfe0021000 rw-p 00000000 00:00 0 
7fbfe0021000-7fbfe4000000 ---p 00000000 00:00 0 
7fbfe4000000-7fbfe4021000 rw-p 00000000 00:00 0 
7fbfe4021000-7fbfe8000000 ---p 00000000 00:00 0 
7fbfe8000000-7fbfe8021000 rw-p 00000000 00:00 0 
7fbfe8021000-7fbfec000000 ---p 00000000 00:00 0 
7fbfec000000-7fbfec021000 rw-p 00000000 00:00 0 
7fbfec021000-7fbff0000000 ---p 00000000 00:00 0 
7fbff0000000-7fbff1a8b000 rw-p 00000000 00:00 0 
7fbff1a8b000-7fbff4000000 ---p 00000000 00:00 0 
7fbff4000000-7fbff4426000 rw-p 00000000 00:00 0 
7fbff4426000-7fbff8000000 ---p 00000000 00:00 0 
7fbff8000000-7fbffa0f5000 rw-p 00000000 00:00 0 
7fbffa0f5000-7fbffc000000 ---p 00000000 00:00 0 
7fbffdad7000-7fc004000000 r--p 00000000 fd:00 67630415                   /usr/lib/locale/locale-archive
7fc004000000-7fc004021000 rw-p 00000000 00:00 0 
7fc004021000-7fc008000000 ---p 00000000 00:00 0 
7fc008000000-7fc008021000 rw-p 00000000 00:00 0 
7fc008021000-7fc00c000000 ---p 00000000 00:00 0 
7fc00c000000-7fc00c293000 rw-p 00000000 00:00 0 
7fc00c293000-7fc010000000 ---p 00000000 00:00 0 
7fc010000000-7fc010021000 rw-p 00000000 00:00 0 
7fc010021000-7fc014000000 ---p 00000000 00:00 0 
7fc014000000-7fc014021000 rw-p 00000000 00:00 0 
7fc014021000-7fc018000000 ---p 00000000 00:00 0 
7fc018000000-7fc018021000 rw-p 00000000 00:00 0 
7fc018021000-7fc01c000000 ---p 00000000 00:00 0 
7fc01c000000-7fc01c021000 rw-p 00000000 00:00 0 
7fc01c021000-7fc020000000 ---p 00000000 00:00 0 
7fc021dd7000-7fc021f17000 rw-p 00000000 00:00 0 
7fc021f17000-7fc021fd7000 ---p 00000000 00:00 0 
7fc021fd7000-7fc0221d7000 rw-p 00000000 00:00 0 
7fc0221d7000-7fc0221da000 ---p 00000000 00:00 0 
7fc0221da000-7fc0222d8000 rw-p 00000000 00:00 0                          [stack:5004]
7fc0222d8000-7fc0222db000 ---p 00000000 00:00 0 
7fc0222db000-7fc0223d9000 rw-p 00000000 00:00 0                          [stack:5003]
7fc0223d9000-7fc0223dc000 ---p 00000000 00:00 0 
7fc0223dc000-7fc0224da000 rw-p 00000000 00:00 0                          [stack:5002]
7fc0224da000-7fc0224dd000 ---p 00000000 00:00 0 
7fc0224dd000-7fc0225db000 rw-p 00000000 00:00 0                          [stack:5001]
7fc0225db000-7fc0225de000 ---p 00000000 00:00 0 
7fc0225de000-7fc0226dc000 rw-p 00000000 00:00 0                          [stack:5000]
7fc0226dc000-7fc0226df000 ---p 00000000 00:00 0 
7fc0226df000-7fc0227dd000 rw-p 00000000 00:00 0                          [stack:4997]
7fc0227dd000-7fc0227e0000 ---p 00000000 00:00 0 
7fc0227e0000-7fc0228de000 rw-p 00000000 00:00 0                          [stack:4993]
7fc0228de000-7fc0228e1000 ---p 00000000 00:00 0 
7fc0228e1000-7fc0229df000 rw-p 00000000 00:00 0                          [stack:4991]
7fc0229df000-7fc0229e2000 ---p 00000000 00:00 0 
7fc0229e2000-7fc022ae0000 rw-p 00000000 00:00 0                          [stack:4994]
7fc022ae0000-7fc022ae3000 ---p 00000000 00:00 0 
7fc022ae3000-7fc022be1000 rw-p 00000000 00:00 0                          [stack:4990]
7fc022be1000-7fc022be4000 ---p 00000000 00:00 0 
7fc022be4000-7fc022ce2000 rw-p 00000000 00:00 0                          [stack:4995]
7fc022ce2000-7fc022ce5000 ---p 00000000 00:00 0 
7fc022ce5000-7fc022de3000 rw-p 00000000 00:00 0                          [stack:4992]
7fc022de3000-7fc022de6000 ---p 00000000 00:00 0 
7fc022de6000-7fc022ee4000 rw-p 00000000 00:00 0                          [stack:4996]
7fc022ee4000-7fc022ee7000 ---p 00000000 00:00 0 
7fc022ee7000-7fc0231e5000 rw-p 00000000 00:00 0                          [stack:4999]
7fc0231e5000-7fc0231e8000 ---p 00000000 00:00 0 
7fc0231e8000-7fc0234e6000 rw-p 00000000 00:00 0                          [stack:4961]
7fc0234e6000-7fc0234e9000 ---p 00000000 00:00 0 
7fc0234e9000-7fc0235e7000 rw-p 00000000 00:00 0                          [stack:4960]
7fc0235e7000-7fc0235ea000 ---p 00000000 00:00 0 
7fc0235ea000-7fc0236e8000 rw-p 00000000 00:00 0                          [stack:4959]
7fc0236e8000-7fc0236eb000 ---p 00000000 00:00 0 
7fc0236eb000-7fc0237e9000 rw-p 00000000 00:00 0                          [stack:4958]
7fc0237e9000-7fc0237ec000 ---p 00000000 00:00 0 
7fc0237ec000-7fc0238ea000 rw-p 00000000 00:00 0                          [stack:4957]
7fc0238ea000-7fc0238ed000 ---p 00000000 00:00 0 
7fc0238ed000-7fc0239eb000 rw-p 00000000 00:00 0                          [stack:4956]
7fc0239eb000-7fc0239ee000 ---p 00000000 00:00 0 
7fc0239ee000-7fc023aec000 rw-p 00000000 00:00 0                          [stack:4955]
7fc023aec000-7fc023aef000 ---p 00000000 00:00 0 
7fc023aef000-7fc023bed000 rw-p 00000000 00:00 0                          [stack:4954]
7fc023bed000-7fc023bf0000 ---p 00000000 00:00 0 
7fc023bf0000-7fc023cee000 rw-p 00000000 00:00 0                          [stack:4953]
7fc023cee000-7fc023cf1000 ---p 00000000 00:00 0 
7fc023cf1000-7fc023def000 rw-p 00000000 00:00 0                          [stack:4952]
7fc023def000-7fc023e00000 r-xp 00000000 fd:00 67669596                   /usr/local/jdk/jre/lib/amd64/libnio.so
7fc023e00000-7fc023fff000 ---p 00011000 fd:00 67669596                   /usr/local/jdk/jre/lib/amd64/libnio.so
7fc023fff000-7fc024000000 rw-p 00010000 fd:00 67669596                   /usr/local/jdk/jre/lib/amd64/libnio.so
7fc024000000-7fc024021000 rw-p 00000000 00:00 0 
7fc024021000-7fc028000000 ---p 00000000 00:00 0 
7fc02802a000-7fc02802b000 rw-p 00000000 00:00 0 
7fc02802b000-7fc028030000 r--s 00096000 fd:00 23765                      /usr/local/jdk/jre/lib/jsse.jar
7fc028030000-7fc028230000 rw-p 00000000 00:00 0 
7fc028230000-7fc028242000 r--s 00345000 fd:00 23779                      /usr/local/jdk/jre/lib/resources.jar
7fc028242000-7fc028245000 ---p 00000000 00:00 0 
7fc028245000-7fc028343000 rw-p 00000000 00:00 0                          [stack:4951]
7fc028343000-7fc028346000 ---p 00000000 00:00 0 
7fc028346000-7fc028444000 rw-p 00000000 00:00 0                          [stack:4950]
7fc028444000-7fc028447000 ---p 00000000 00:00 0 
7fc028447000-7fc028745000 rw-p 00000000 00:00 0                          [stack:4949]
7fc028745000-7fc028746000 r-xp 00000000 fd:00 67669564                   /usr/local/jdk/jre/lib/amd64/libjaas_unix.so
7fc028746000-7fc028945000 ---p 00001000 fd:00 67669564                   /usr/local/jdk/jre/lib/amd64/libjaas_unix.so
7fc028945000-7fc028946000 rw-p 00000000 fd:00 67669564                   /usr/local/jdk/jre/lib/amd64/libjaas_unix.so
7fc028946000-7fc028967000 r-xp 00000000 fd:00 1745405                    /usr/hdp/2.5.0.0-1245/hadoop/lib/native/libhadoop.so.1.0.0
7fc028967000-7fc028b67000 ---p 00021000 fd:00 1745405                    /usr/hdp/2.5.0.0-1245/hadoop/lib/native/libhadoop.so.1.0.0
7fc028b67000-7fc028b68000 rw-p 00021000 fd:00 1745405                    /usr/hdp/2.5.0.0-1245/hadoop/lib/native/libhadoop.so.1.0.0
7fc028b68000-7fc028b6b000 ---p 00000000 00:00 0 
7fc028b6b000-7fc028c69000 rw-p 00000000 00:00 0                          [stack:4948]
7fc028c69000-7fc028c6c000 ---p 00000000 00:00 0 
7fc028c6c000-7fc028ea2000 rw-p 00000000 00:00 0                          [stack:4946]
7fc028ea2000-7fc028eaa000 r-xp 00000000 fd:00 67669559                   /usr/local/jdk/jre/lib/amd64/libmanagement.so
7fc028eaa000-7fc0290aa000 ---p 00008000 fd:00 67669559                   /usr/local/jdk/jre/lib/amd64/libmanagement.so
7fc0290aa000-7fc0290ab000 rw-p 00008000 fd:00 67669559                   /usr/local/jdk/jre/lib/amd64/libmanagement.so
7fc0290ab000-7fc0292ab000 rw-p 00000000 00:00 0 
7fc0292ab000-7fc0292ae000 ---p 00000000 00:00 0 
7fc0292ae000-7fc0293ac000 rw-p 00000000 00:00 0                          [stack:4944]
7fc0293ac000-7fc0293af000 ---p 00000000 00:00 0 
7fc0293af000-7fc0294ad000 rw-p 00000000 00:00 0                          [stack:4943]
7fc0294ad000-7fc0294b0000 ---p 00000000 00:00 0 
7fc0294b0000-7fc0297ae000 rw-p 00000000 00:00 0                          [stack:4942]
7fc0297ae000-7fc0297c4000 r-xp 00000000 fd:00 67669573                   /usr/local/jdk/jre/lib/amd64/libnet.so
7fc0297c4000-7fc0299c4000 ---p 00016000 fd:00 67669573                   /usr/local/jdk/jre/lib/amd64/libnet.so
7fc0299c4000-7fc0299c5000 rw-p 00016000 fd:00 67669573                   /usr/local/jdk/jre/lib/amd64/libnet.so
7fc0299c5000-7fc0299d1000 r--s 000b6000 fd:00 37069883                   /usr/hdp/2.5.0.0-1245/spark2/jars/zookeeper-3.4.6.jar
7fc0299d1000-7fc0299d5000 r--s 00014000 fd:00 37069882                   /usr/hdp/2.5.0.0-1245/spark2/jars/xz-1.0.jar
7fc0299d5000-7fc0299d6000 r--s 00003000 fd:00 37069881                   /usr/hdp/2.5.0.0-1245/spark2/jars/xmlenc-0.52.jar
7fc0299d6000-7fc0299ed000 r--s 00115000 fd:00 37069880                   /usr/hdp/2.5.0.0-1245/spark2/jars/xercesImpl-2.9.1.jar
7fc0299ed000-7fc0299f0000 r--s 00020000 fd:00 37069879                   /usr/hdp/2.5.0.0-1245/spark2/jars/xbean-asm5-shaded-4.4.jar
7fc0299f0000-7fc0299f4000 r--s 0000c000 fd:00 37069878                   /usr/hdp/2.5.0.0-1245/spark2/jars/validation-api-1.1.0.Final.jar
7fc0299f4000-7fc0299fb000 r--s 00048000 fd:00 37069877                   /usr/hdp/2.5.0.0-1245/spark2/jars/univocity-parsers-2.2.1.jar
7fc0299fb000-7fc0299fe000 r--s 00014000 fd:00 37069876                   /usr/hdp/2.5.0.0-1245/spark2/jars/super-csv-2.2.0.jar
7fc0299fe000-7fc029a01000 r--s 00022000 fd:00 37069875                   /usr/hdp/2.5.0.0-1245/spark2/jars/stringtemplate-3.2.1.jar
7fc029a01000-7fc029a04000 r--s 00028000 fd:00 37069874                   /usr/hdp/2.5.0.0-1245/spark2/jars/stream-2.7.0.jar
7fc029a04000-7fc029a06000 r--s 00005000 fd:00 37069873                   /usr/hdp/2.5.0.0-1245/spark2/jars/stax-api-1.0.1.jar
7fc029a06000-7fc029a08000 r--s 00004000 fd:00 37069872                   /usr/hdp/2.5.0.0-1245/spark2/jars/stax-api-1.0-2.jar
7fc029a08000-7fc029a0c000 r--s 00036000 fd:00 37069871                   /usr/hdp/2.5.0.0-1245/spark2/jars/ST4-4.0.4.jar
7fc029a0c000-7fc029a61000 r--s 0067c000 fd:00 37069870                   /usr/hdp/2.5.0.0-1245/spark2/jars/spire_2.11-0.7.4.jar
7fc029a61000-7fc029a63000 r--s 00013000 fd:00 37069869                   /usr/hdp/2.5.0.0-1245/spark2/jars/spire-macros_2.11-0.7.4.jar
7fc029a63000-7fc029a73000 r--s 0009c000 fd:00 37069868                   /usr/hdp/2.5.0.0-1245/spark2/jars/spark-yarn_2.11-2.1.0.jar
7fc029a73000-7fc029a75000 r--s 00009000 fd:00 37069867                   /usr/hdp/2.5.0.0-1245/spark2/jars/spark-unsafe_2.11-2.1.0.jar
7fc029a75000-7fc029a77000 r--s 00003000 fd:00 37069866                   /usr/hdp/2.5.0.0-1245/spark2/jars/spark-tags_2.11-2.1.0.jar
7fc029a77000-7fc029aa4000 r--s 001cd000 fd:00 37069865                   /usr/hdp/2.5.0.0-1245/spark2/jars/spark-streaming_2.11-2.1.0.jar
7fc029aa4000-7fc029b25000 r--s 005c7000 fd:00 37069864                   /usr/hdp/2.5.0.0-1245/spark2/jars/spark-sql_2.11-2.1.0.jar
7fc029b25000-7fc029b27000 r--s 00006000 fd:00 37069863                   /usr/hdp/2.5.0.0-1245/spark2/jars/spark-sketch_2.11-2.1.0.jar
7fc029b27000-7fc029b2a000 r--s 0000d000 fd:00 37069862                   /usr/hdp/2.5.0.0-1245/spark2/jars/spark-repl_2.11-2.1.0.jar
7fc029b2a000-7fc029b2c000 r--s 0000d000 fd:00 37069861                   /usr/hdp/2.5.0.0-1245/spark2/jars/spark-network-shuffle_2.11-2.1.0.jar
7fc029b2c000-7fc029b5a000 r--s 0020a000 fd:00 37069860                   /usr/hdp/2.5.0.0-1245/spark2/jars/spark-network-common_2.11-2.1.0.jar
7fc029b5a000-7fc029bcd000 r--s 0055f000 fd:00 37069859                   /usr/hdp/2.5.0.0-1245/spark2/jars/spark-mllib_2.11-2.1.0.jar
7fc029bcd000-7fc029bd2000 r--s 00027000 fd:00 37069858                   /usr/hdp/2.5.0.0-1245/spark2/jars/spark-mllib-local_2.11-2.1.0.jar
7fc029bd2000-7fc029bdf000 r--s 00076000 fd:00 37069857                   /usr/hdp/2.5.0.0-1245/spark2/jars/spark-mesos_2.11-2.1.0.jar
7fc029bdf000-7fc029be2000 r--s 0000e000 fd:00 37069856                   /usr/hdp/2.5.0.0-1245/spark2/jars/spark-launcher_2.11-2.1.0.jar
7fc029be2000-7fc029bfb000 r--s 00106000 fd:00 37069850                   /usr/hdp/2.5.0.0-1245/spark2/jars/spark-hive_2.11-2.1.0.jar
7fc029bfb000-7fc029c1c000 r--s 00196000 fd:00 37069849                   /usr/hdp/2.5.0.0-1245/spark2/jars/spark-hive-thriftserver_2.11-2.1.0.jar
7fc029c1c000-7fc029c2a000 r--s 0009b000 fd:00 37069848                   /usr/hdp/2.5.0.0-1245/spark2/jars/spark-graphx_2.11-2.1.0.jar
7fc029c2a000-7fc029d01000 r--s 00a7f000 fd:00 37069847                   /usr/hdp/2.5.0.0-1245/spark2/jars/spark-core_2.11-2.1.0.jar
7fc029d01000-7fc029d8a000 r--s 0066b000 fd:00 37069846                   /usr/hdp/2.5.0.0-1245/spark2/jars/spark-catalyst_2.11-2.1.0.jar
7fc029d8a000-7fc029d8d000 r--s 000fe000 fd:00 37069845                   /usr/hdp/2.5.0.0-1245/spark2/jars/snappy-java-1.1.2.6.jar
7fc029d8d000-7fc029d8e000 r--s 0000b000 fd:00 37069844                   /usr/hdp/2.5.0.0-1245/spark2/jars/snappy-0.2.jar
7fc029d8e000-7fc029d8f000 r--s 00002000 fd:00 37069843                   /usr/hdp/2.5.0.0-1245/spark2/jars/slf4j-log4j12-1.7.16.jar
7fc029d8f000-7fc029d90000 r--s 00009000 fd:00 37069842                   /usr/hdp/2.5.0.0-1245/spark2/jars/slf4j-api-1.7.16.jar
7fc029d90000-7fc029dbc000 r--s 001c1000 fd:00 37069841                   /usr/hdp/2.5.0.0-1245/spark2/jars/shapeless_2.11-2.0.0.jar
7fc029dbc000-7fc029dce000 r--s 000b2000 fd:00 37069840                   /usr/hdp/2.5.0.0-1245/spark2/jars/scalap-2.11.8.jar
7fc029dce000-7fc029dd8000 r--s 00093000 fd:00 37069839                   /usr/hdp/2.5.0.0-1245/spark2/jars/scala-xml_2.11-1.0.2.jar
7fc029dd8000-7fc029e24000 r--s 00402000 fd:00 37069838                   /usr/hdp/2.5.0.0-1245/spark2/jars/scala-reflect-2.11.8.jar
7fc029e24000-7fc029e2f000 r--s 0005b000 fd:00 37069837                   /usr/hdp/2.5.0.0-1245/spark2/jars/scala-parser-combinators_2.11-1.0.4.jar
7fc029e2f000-7fc029e88000 r--s 0050e000 fd:00 37069836                   /usr/hdp/2.5.0.0-1245/spark2/jars/scala-library-2.11.8.jar
7fc029e88000-7fc029ead000 rw-p 00000000 00:00 0 
7fc029ead000-7fc029fb8000 r--s 00d8c000 fd:00 37069835                   /usr/hdp/2.5.0.0-1245/spark2/jars/scala-compiler-2.11.8.jar
7fc029fb8000-7fc029fba000 r--s 0002f000 fd:00 37069834                   /usr/hdp/2.5.0.0-1245/spark2/jars/RoaringBitmap-0.5.11.jar
7fc029fba000-7fc029fbd000 r--s 00015000 fd:00 37069833                   /usr/hdp/2.5.0.0-1245/spark2/jars/pyrolite-4.13.jar
7fc029fbd000-7fc029fc0000 r--s 0001a000 fd:00 37069832                   /usr/hdp/2.5.0.0-1245/spark2/jars/py4j-0.10.4.jar
7fc029fc0000-7fc029fc7000 r--s 0007a000 fd:00 37069831                   /usr/hdp/2.5.0.0-1245/spark2/jars/protobuf-java-2.5.0.jar
7fc029fc7000-7fc029fc8000 r--s 00001000 fd:00 37069830                   /usr/hdp/2.5.0.0-1245/spark2/jars/pmml-schema-1.2.15.jar
7fc029fc8000-7fc029fd1000 r--s 00095000 fd:00 37069829                   /usr/hdp/2.5.0.0-1245/spark2/jars/pmml-model-1.2.15.jar
7fc029fd1000-7fc029fe5000 r--s 000e9000 fd:00 37069828                   /usr/hdp/2.5.0.0-1245/spark2/jars/parquet-jackson-1.8.1.jar
7fc029fe5000-7fc02a019000 r--s 0026e000 fd:00 37069827                   /usr/hdp/2.5.0.0-1245/spark2/jars/parquet-hadoop-bundle-1.6.0.jar
7fc02a019000-7fc02a01e000 r--s 00031000 fd:00 37069826                   /usr/hdp/2.5.0.0-1245/spark2/jars/parquet-hadoop-1.8.1.jar
7fc02a01e000-7fc02a025000 r--s 00057000 fd:00 37069825                   /usr/hdp/2.5.0.0-1245/spark2/jars/parquet-format-2.3.0-incubating.jar
7fc02a025000-7fc02a02b000 r--s 00040000 fd:00 37069824                   /usr/hdp/2.5.0.0-1245/spark2/jars/parquet-encoding-1.8.1.jar
7fc02a02b000-7fc02a02d000 r--s 00008000 fd:00 37069823                   /usr/hdp/2.5.0.0-1245/spark2/jars/parquet-common-1.8.1.jar
7fc02a02d000-7fc02a044000 r--s 000cd000 fd:00 37069822                   /usr/hdp/2.5.0.0-1245/spark2/jars/parquet-column-1.8.1.jar
7fc02a044000-7fc02a046000 r--s 00006000 fd:00 37069821                   /usr/hdp/2.5.0.0-1245/spark2/jars/paranamer-2.3.jar
7fc02a046000-7fc02a047000 r--s 00004000 fd:00 37069820                   /usr/hdp/2.5.0.0-1245/spark2/jars/osgi-resource-locator-1.0.1.jar
7fc02a047000-7fc02a049000 r--s 0000e000 fd:00 37069819                   /usr/hdp/2.5.0.0-1245/spark2/jars/oro-2.0.8.jar
7fc02a049000-7fc02a04a000 r--s 00004000 fd:00 37069818                   /usr/hdp/2.5.0.0-1245/spark2/jars/opencsv-2.3.jar
7fc02a04a000-7fc02a04d000 r--s 00008000 fd:00 37069817                   /usr/hdp/2.5.0.0-1245/spark2/jars/objenesis-2.1.jar
7fc02a04d000-7fc02a074000 r--s 00208000 fd:00 37069816                   /usr/hdp/2.5.0.0-1245/spark2/jars/netty-all-4.0.42.Final.jar
7fc02a074000-7fc02a08c000 r--s 00114000 fd:00 37069815                   /usr/hdp/2.5.0.0-1245/spark2/jars/netty-3.8.0.Final.jar
7fc02a08c000-7fc02a093000 r--s 0005d000 fd:00 37069814                   /usr/hdp/2.5.0.0-1245/spark2/jars/mx4j-3.0.2.jar
7fc02a093000-7fc02a094000 r--s 00001000 fd:00 37069813                   /usr/hdp/2.5.0.0-1245/spark2/jars/minlog-1.3.0.jar
7fc02a094000-7fc02a096000 r--s 00008000 fd:00 37069812                   /usr/hdp/2.5.0.0-1245/spark2/jars/metrics-jvm-3.1.2.jar
7fc02a096000-7fc02a097000 r--s 00003000 fd:00 37069811                   /usr/hdp/2.5.0.0-1245/spark2/jars/metrics-json-3.1.2.jar
7fc02a097000-7fc02a098000 r--s 00004000 fd:00 37069810                   /usr/hdp/2.5.0.0-1245/spark2/jars/metrics-graphite-3.1.2.jar
7fc02a098000-7fc02a09c000 r--s 00018000 fd:00 37069809                   /usr/hdp/2.5.0.0-1245/spark2/jars/metrics-core-3.1.2.jar
7fc02a09c000-7fc02a09f000 r--s 00012000 fd:00 37069808                   /usr/hdp/2.5.0.0-1245/spark2/jars/metrics-core-2.2.0.jar
7fc02a09f000-7fc02a0c0000 r--s 0032d000 fd:00 37069807                   /usr/hdp/2.5.0.0-1245/spark2/jars/mesos-1.0.0-shaded-protobuf.jar
7fc02a0c0000-7fc02a0c7000 r--s 00078000 fd:00 37069806                   /usr/hdp/2.5.0.0-1245/spark2/jars/mail-1.4.7.jar
7fc02a0c7000-7fc02a0ca000 r--s 00037000 fd:00 37069805                   /usr/hdp/2.5.0.0-1245/spark2/jars/lz4-1.3.0.jar
7fc02a0ca000-7fc02a0d3000 r--s 0006e000 fd:00 37069804                   /usr/hdp/2.5.0.0-1245/spark2/jars/log4j-1.2.17.jar
7fc02a0d3000-7fc02a0d8000 r--s 00033000 fd:00 37069803                   /usr/hdp/2.5.0.0-1245/spark2/jars/libthrift-0.9.2.jar
7fc02a0d8000-7fc02a0df000 r--s 00046000 fd:00 37069802                   /usr/hdp/2.5.0.0-1245/spark2/jars/libfb303-0.9.2.jar
7fc02a0df000-7fc02a0e2000 r--s 000fb000 fd:00 37069801                   /usr/hdp/2.5.0.0-1245/spark2/jars/leveldbjni-all-1.8.jar
7fc02a0e2000-7fc02a0e9000 r--s 00050000 fd:00 37069800                   /usr/hdp/2.5.0.0-1245/spark2/jars/kryo-shaded-3.0.3.jar
7fc02a0e9000-7fc02a0eb000 r--s 00000000 fd:00 37069799                   /usr/hdp/2.5.0.0-1245/spark2/jars/jul-to-slf4j-1.7.16.jar
7fc02a0eb000-7fc02a0f6000 r--s 000b0000 fd:00 37069798                   /usr/hdp/2.5.0.0-1245/spark2/jars/jtransforms-2.4.0.jar
7fc02a0f6000-7fc02a0f7000 r--s 00003000 fd:00 37069797                   /usr/hdp/2.5.0.0-1245/spark2/jars/jta-1.1.jar
7fc02a0f7000-7fc02a0fa000 r--s 00006000 fd:00 37069796                   /usr/hdp/2.5.0.0-1245/spark2/jars/jsr305-1.3.9.jar
7fc02a0fa000-7fc02a0fd000 r--s 00016000 fd:00 37069795                   /usr/hdp/2.5.0.0-1245/spark2/jars/jsp-api-2.1.jar
7fc02a0fd000-7fc02a0fe000 r--s 00009000 fd:00 37069794                   /usr/hdp/2.5.0.0-1245/spark2/jars/json4s-jackson_2.11-3.2.11.jar
7fc02a0fe000-7fc02a109000 r--s 00084000 fd:00 37069793                   /usr/hdp/2.5.0.0-1245/spark2/jars/json4s-core_2.11-3.2.11.jar
7fc02a109000-7fc02a10b000 r--s 00012000 fd:00 37069792                   /usr/hdp/2.5.0.0-1245/spark2/jars/json4s-ast_2.11-3.2.11.jar
7fc02a10b000-7fc02a10c000 r--s 00002000 fd:00 37069786                   /usr/hdp/2.5.0.0-1245/spark2/jars/jpam-1.1.jar
7fc02a10c000-7fc02a112000 r--s 00063000 fd:00 37069785                   /usr/hdp/2.5.0.0-1245/spark2/jars/jodd-core-3.5.2.jar
7fc02a112000-7fc02a123000 r--s 00086000 fd:00 37069784                   /usr/hdp/2.5.0.0-1245/spark2/jars/joda-time-2.9.3.jar
7fc02a123000-7fc02a126000 r--s 00031000 fd:00 37069783                   /usr/hdp/2.5.0.0-1245/spark2/jars/jline-2.12.1.jar
7fc02a126000-7fc02a12a000 r--s 00028000 fd:00 37069782                   /usr/hdp/2.5.0.0-1245/spark2/jars/jetty-util-6.1.26.jar
7fc02a12a000-7fc02a131000 r--s 0007d000 fd:00 37069781                   /usr/hdp/2.5.0.0-1245/spark2/jars/jetty-6.1.26.jar
7fc02a131000-7fc02a14c000 r--s 001d2000 fd:00 37069780                   /usr/hdp/2.5.0.0-1245/spark2/jars/jets3t-0.9.3.jar
7fc02a14c000-7fc02a161000 r--s 000d0000 fd:00 37069779                   /usr/hdp/2.5.0.0-1245/spark2/jars/jersey-server-2.22.2.jar
7fc02a161000-7fc02a164000 r--s 0000f000 fd:00 37069778                   /usr/hdp/2.5.0.0-1245/spark2/jars/jersey-media-jaxb-2.22.2.jar
7fc02a164000-7fc02a17b000 r--s 000d3000 fd:00 37069777                   /usr/hdp/2.5.0.0-1245/spark2/jars/jersey-guava-2.22.2.jar
7fc02a17b000-7fc02a186000 r--s 00064000 fd:00 37069776                   /usr/hdp/2.5.0.0-1245/spark2/jars/jersey-core-1.9.jar
7fc02a186000-7fc02a188000 r--s 0000e000 fd:00 37069775                   /usr/hdp/2.5.0.0-1245/spark2/jars/jersey-container-servlet-core-2.22.2.jar
7fc02a188000-7fc02a18a000 r--s 00003000 fd:00 37069774                   /usr/hdp/2.5.0.0-1245/spark2/jars/jersey-container-servlet-2.22.2.jar
7fc02a18a000-7fc02a198000 r--s 0009b000 fd:00 37069773                   /usr/hdp/2.5.0.0-1245/spark2/jars/jersey-common-2.22.2.jar
7fc02a198000-7fc02a19c000 r--s 0001c000 fd:00 37069772                   /usr/hdp/2.5.0.0-1245/spark2/jars/jersey-client-1.9.jar
7fc02a19c000-7fc02a1a1000 r--s 0002c000 fd:00 37069771                   /usr/hdp/2.5.0.0-1245/spark2/jars/jdo-api-3.0.1.jar
7fc02a1a1000-7fc02a1a3000 r--s 00003000 fd:00 37069770                   /usr/hdp/2.5.0.0-1245/spark2/jars/jcl-over-slf4j-1.7.16.jar
7fc02a1a3000-7fc02a1a6000 r--s 00017000 fd:00 37069769                   /usr/hdp/2.5.0.0-1245/spark2/jars/jaxb-api-2.2.2.jar
7fc02a1a6000-7fc02a1ae000 r--s 00058000 fd:00 37069768                   /usr/hdp/2.5.0.0-1245/spark2/jars/javolution-5.5.1.jar
7fc02a1ae000-7fc02a1b2000 r--s 00018000 fd:00 37069767                   /usr/hdp/2.5.0.0-1245/spark2/jars/javax.ws.rs-api-2.0.1.jar
7fc02a1b2000-7fc02a1b5000 r--s 00015000 fd:00 37069766                   /usr/hdp/2.5.0.0-1245/spark2/jars/javax.servlet-api-3.1.0.jar
7fc02a1b5000-7fc02a1b6000 r--s 00001000 fd:00 37069765                   /usr/hdp/2.5.0.0-1245/spark2/jars/javax.inject-2.4.0-b34.jar
7fc02a1b6000-7fc02a1b7000 r--s 00000000 fd:00 37069764                   /usr/hdp/2.5.0.0-1245/spark2/jars/javax.inject-1.jar
7fc02a1b7000-7fc02a1b9000 r--s 00005000 fd:00 37069763                   /usr/hdp/2.5.0.0-1245/spark2/jars/javax.annotation-api-1.2.jar
7fc02a1b9000-7fc02a1c3000 r--s 000a3000 fd:00 37069762                   /usr/hdp/2.5.0.0-1245/spark2/jars/javassist-3.18.1-GA.jar
7fc02a1c3000-7fc02a1c5000 r--s 00003000 fd:00 37069761                   /usr/hdp/2.5.0.0-1245/spark2/jars/JavaEWAH-0.3.2.jar
7fc02a1c5000-7fc02a1c6000 r--s 00002000 fd:00 37069760                   /usr/hdp/2.5.0.0-1245/spark2/jars/java-xmlbuilder-1.0.jar
7fc02a1c6000-7fc02a1d1000 r--s 000a7000 fd:00 37069759                   /usr/hdp/2.5.0.0-1245/spark2/jars/janino-3.0.0.jar
7fc02a1d1000-7fc02a1de000 r--s 0006f000 fd:00 37069757                   /usr/hdp/2.5.0.0-1245/spark2/jars/jackson-module-scala_2.11-2.6.5.jar
7fc02a1de000-7fc02a1e0000 r--s 00008000 fd:00 37069756                   /usr/hdp/2.5.0.0-1245/spark2/jars/jackson-module-paranamer-2.6.5.jar
7fc02a1e0000-7fc02a1e1000 r--s 00006000 fd:00 37069758                   /usr/hdp/2.5.0.0-1245/spark2/jars/jackson-xc-1.9.13.jar
7fc02a1e1000-7fc02a1ef000 r--s 000ae000 fd:00 37069755                   /usr/hdp/2.5.0.0-1245/spark2/jars/jackson-mapper-asl-1.9.13.jar
7fc02a1ef000-7fc02a1f0000 r--s 00004000 fd:00 37069754                   /usr/hdp/2.5.0.0-1245/spark2/jars/jackson-jaxrs-1.9.13.jar
7fc02a1f0000-7fc02a201000 r--s 0010a000 fd:00 37069753                   /usr/hdp/2.5.0.0-1245/spark2/jars/jackson-databind-2.6.5.jar
7fc02a201000-7fc02a206000 r--s 00034000 fd:00 37069752                   /usr/hdp/2.5.0.0-1245/spark2/jars/jackson-core-asl-1.9.13.jar
7fc02a206000-7fc02a20a000 r--s 0003b000 fd:00 37069751                   /usr/hdp/2.5.0.0-1245/spark2/jars/jackson-core-2.6.5.jar
7fc02a20a000-7fc02a20d000 r--s 00009000 fd:00 37069750                   /usr/hdp/2.5.0.0-1245/spark2/jars/jackson-annotations-2.6.5.jar
7fc02a20d000-7fc02a223000 r--s 00123000 fd:00 37069749                   /usr/hdp/2.5.0.0-1245/spark2/jars/ivy-2.4.0.jar
7fc02a223000-7fc02a22a000 r--s 00048000 fd:00 37069748                   /usr/hdp/2.5.0.0-1245/spark2/jars/httpcore-4.4.4.jar
7fc02a22a000-7fc02a237000 r--s 000a7000 fd:00 37069747                   /usr/hdp/2.5.0.0-1245/spark2/jars/httpclient-4.5.2.jar
7fc02a237000-7fc02a250000 r--s 0014b000 fd:00 37069746                   /usr/hdp/2.5.0.0-1245/spark2/jars/htrace-core-3.1.0-incubating.jar
7fc02a250000-7fc02a253000 r--s 0001a000 fd:00 37069745                   /usr/hdp/2.5.0.0-1245/spark2/jars/hk2-utils-2.4.0-b34.jar
7fc02a253000-7fc02a257000 r--s 00029000 fd:00 37069744                   /usr/hdp/2.5.0.0-1245/spark2/jars/hk2-locator-2.4.0-b34.jar
7fc02a257000-7fc02a25c000 r--s 00027000 fd:00 37069743                   /usr/hdp/2.5.0.0-1245/spark2/jars/hk2-api-2.4.0-b34.jar
7fc02a25c000-7fc02a2be000 r--s 004db000 fd:00 37069742                   /usr/hdp/2.5.0.0-1245/spark2/jars/hive-metastore-1.2.1.spark2.jar
7fc02a2be000-7fc02a2c0000 r--s 00017000 fd:00 37069741                   /usr/hdp/2.5.0.0-1245/spark2/jars/hive-jdbc-1.2.1.spark2.jar
7fc02a2c0000-7fc02a369000 r--s 00a2b000 fd:00 37069740                   /usr/hdp/2.5.0.0-1245/spark2/jars/hive-exec-1.2.1.spark2.jar
7fc02a369000-7fc02a36a000 r--s 00009000 fd:00 37069739                   /usr/hdp/2.5.0.0-1245/spark2/jars/hive-cli-1.2.1.spark2.jar
7fc02a36a000-7fc02a36c000 r--s 00020000 fd:00 37069738                   /usr/hdp/2.5.0.0-1245/spark2/jars/hive-beeline-1.2.1.spark2.jar
7fc02a36c000-7fc02a3a3000 r--s 003f7000 fd:00 37069737                   /usr/hdp/2.5.0.0-1245/spark2/jars/hbase-server-1.3.0.jar
7fc02a3a3000-7fc02a3a9000 r--s 00065000 fd:00 37069736                   /usr/hdp/2.5.0.0-1245/spark2/jars/hbase-rest-1.3.0.jar
7fc02a3a9000-7fc02a3ab000 r--s 0000c000 fd:00 37069735                   /usr/hdp/2.5.0.0-1245/spark2/jars/hbase-resource-bundle-1.3.0.jar
7fc02a3ab000-7fc02a3e6000 r--s 00410000 fd:00 37069734                   /usr/hdp/2.5.0.0-1245/spark2/jars/hbase-protocol-1.3.0.jar
7fc02a3e6000-7fc02a3e9000 r--s 0001c000 fd:00 37069733                   /usr/hdp/2.5.0.0-1245/spark2/jars/hbase-procedure-1.3.0.jar
7fc02a3e9000-7fc02a3eb000 r--s 00017000 fd:00 37069732                   /usr/hdp/2.5.0.0-1245/spark2/jars/hbase-prefix-tree-1.3.0.jar
7fc02a3eb000-7fc02a3ed000 r--s 00002000 fd:00 37069731                   /usr/hdp/2.5.0.0-1245/spark2/jars/hbase-it-1.3.0.jar
7fc02a3ed000-7fc02a3ef000 r--s 00009000 fd:00 37069730                   /usr/hdp/2.5.0.0-1245/spark2/jars/hbase-hadoop-compat-1.3.0.jar
7fc02a3ef000-7fc02a3f8000 r--s 00087000 fd:00 37069729                   /usr/hdp/2.5.0.0-1245/spark2/jars/hbase-common-1.3.0.jar
7fc02a3f8000-7fc02a40a000 r--s 00132000 fd:00 37069728                   /usr/hdp/2.5.0.0-1245/spark2/jars/hbase-client-1.3.0.jar
7fc02a40a000-7fc02a40c000 r--s 00004000 fd:00 37069727                   /usr/hdp/2.5.0.0-1245/spark2/jars/hbase-annotations-1.3.0.jar
7fc02a40c000-7fc02a40e000 r--s 0000d000 fd:00 37069726                   /usr/hdp/2.5.0.0-1245/spark2/jars/hadoop-yarn-server-web-proxy-2.7.3.jar
7fc02a40e000-7fc02a415000 r--s 00057000 fd:00 37069725                   /usr/hdp/2.5.0.0-1245/spark2/jars/hadoop-yarn-server-common-2.7.3.jar
7fc02a415000-7fc02a42c000 r--s 0017e000 fd:00 37069724                   /usr/hdp/2.5.0.0-1245/spark2/jars/hadoop-yarn-common-2.7.3.jar
7fc02a42c000-7fc02a42f000 r--s 00026000 fd:00 37069693                   /usr/hdp/2.5.0.0-1245/spark2/jars/hadoop-yarn-client-2.7.3.jar
7fc02a42f000-7fc02a44b000 r--s 001d1000 fd:00 37069692                   /usr/hdp/2.5.0.0-1245/spark2/jars/hadoop-yarn-api-2.7.3.jar
7fc02a44b000-7fc02a44d000 r--s 00010000 fd:00 37069691                   /usr/hdp/2.5.0.0-1245/spark2/jars/hadoop-mapreduce-client-shuffle-2.7.3.jar
7fc02a44d000-7fc02a44f000 r--s 0000e000 fd:00 37069690                   /usr/hdp/2.5.0.0-1245/spark2/jars/hadoop-mapreduce-client-jobclient-2.7.3.jar
7fc02a44f000-7fc02a467000 r--s 00160000 fd:00 37069689                   /usr/hdp/2.5.0.0-1245/spark2/jars/hadoop-mapreduce-client-core-2.7.3.jar
7fc02a467000-7fc02a474000 r--s 000af000 fd:00 37069688                   /usr/hdp/2.5.0.0-1245/spark2/jars/hadoop-mapreduce-client-common-2.7.3.jar
7fc02a474000-7fc02a47e000 r--s 00079000 fd:00 37069687                   /usr/hdp/2.5.0.0-1245/spark2/jars/hadoop-mapreduce-client-app-2.7.3.jar
7fc02a47e000-7fc02a4e9000 r--s 00770000 fd:00 37069686                   /usr/hdp/2.5.0.0-1245/spark2/jars/hadoop-hdfs-2.7.3.jar
7fc02a4e9000-7fc02a51f000 r--s 00313000 fd:00 37069685                   /usr/hdp/2.5.0.0-1245/spark2/jars/hadoop-common-2.7.3.jar
7fc02a51f000-7fc02a520000 r--s 00006000 fd:00 37069684                   /usr/hdp/2.5.0.0-1245/spark2/jars/hadoop-client-2.7.3.jar
7fc02a520000-7fc02a522000 r--s 00015000 fd:00 37069683                   /usr/hdp/2.5.0.0-1245/spark2/jars/hadoop-auth-2.7.3.jar
7fc02a522000-7fc02a523000 r--s 00009000 fd:00 37069682                   /usr/hdp/2.5.0.0-1245/spark2/jars/hadoop-annotations-2.7.3.jar
7fc02a523000-7fc02a525000 r--s 0000e000 fd:00 37069681                   /usr/hdp/2.5.0.0-1245/spark2/jars/guice-servlet-3.0.jar
7fc02a525000-7fc02a534000 r--s 0009e000 fd:00 37069680                   /usr/hdp/2.5.0.0-1245/spark2/jars/guice-3.0.jar
7fc02a534000-7fc02a55c000 r--s 001e8000 fd:00 37069679                   /usr/hdp/2.5.0.0-1245/spark2/jars/guava-14.0.1.jar
7fc02a55c000-7fc02a561000 r--s 0002a000 fd:00 37069678                   /usr/hdp/2.5.0.0-1245/spark2/jars/gson-2.2.4.jar
7fc02a561000-7fc02a563000 r--s 00003000 fd:00 37069677                   /usr/hdp/2.5.0.0-1245/spark2/jars/eigenbase-properties-1.1.5.jar
7fc02a563000-7fc02a594000 r--s 002e4000 fd:00 37069676                   /usr/hdp/2.5.0.0-1245/spark2/jars/derby-10.12.1.1.jar
7fc02a594000-7fc02a5aa000 r--s 001a3000 fd:00 37069675                   /usr/hdp/2.5.0.0-1245/spark2/jars/datanucleus-rdbms-3.2.9.jar
7fc02a5aa000-7fc02a5c2000 r--s 001b5000 fd:00 37069674                   /usr/hdp/2.5.0.0-1245/spark2/jars/datanucleus-core-3.2.10.jar
7fc02a5c2000-7fc02a5c7000 r--s 0004e000 fd:00 37069673                   /usr/hdp/2.5.0.0-1245/spark2/jars/datanucleus-api-jdo-3.2.6.jar
7fc02a5c7000-7fc02a5ce000 r--s 00035000 fd:00 37069672                   /usr/hdp/2.5.0.0-1245/spark2/jars/curator-recipes-2.6.0.jar
7fc02a5ce000-7fc02a5d4000 r--s 00027000 fd:00 37069671                   /usr/hdp/2.5.0.0-1245/spark2/jars/curator-framework-2.6.0.jar
7fc02a5d4000-7fc02a5d7000 r--s 0000e000 fd:00 37069670                   /usr/hdp/2.5.0.0-1245/spark2/jars/curator-client-2.6.0.jar
7fc02a5d7000-7fc02a5d8000 r--s 00027000 fd:00 37069669                   /usr/hdp/2.5.0.0-1245/spark2/jars/core-1.1.2.jar
7fc02a5d8000-7fc02a5db000 r--s 00011000 fd:00 37069668                   /usr/hdp/2.5.0.0-1245/spark2/jars/compress-lzf-1.0.3.jar
7fc02a5db000-7fc02a5de000 r--s 00015000 fd:00 37069667                   /usr/hdp/2.5.0.0-1245/spark2/jars/commons-pool-1.5.4.jar
7fc02a5de000-7fc02a5e2000 r--s 00030000 fd:00 37069666                   /usr/hdp/2.5.0.0-1245/spark2/jars/commons-net-2.2.jar
7fc02a5e2000-7fc02a607000 r--s 001cc000 fd:00 37069665                   /usr/hdp/2.5.0.0-1245/spark2/jars/commons-math3-3.4.1.jar
7fc02a607000-7fc02a609000 r--s 0000e000 fd:00 37069664                   /usr/hdp/2.5.0.0-1245/spark2/jars/commons-logging-1.1.3.jar
7fc02a609000-7fc02a611000 r--s 0006c000 fd:00 37069350                   /usr/hdp/2.5.0.0-1245/spark2/jars/commons-lang3-3.5.jar
7fc02a611000-7fc02a616000 r--s 00041000 fd:00 37069347                   /usr/hdp/2.5.0.0-1245/spark2/jars/commons-lang-2.6.jar
7fc02a616000-7fc02a61a000 r--s 0002a000 fd:00 37907090                   /usr/hdp/2.5.0.0-1245/spark2/jars/commons-io-2.4.jar
7fc02a61a000-7fc02a620000 r--s 00045000 fd:00 37907089                   /usr/hdp/2.5.0.0-1245/spark2/jars/commons-httpclient-3.1.jar
7fc02a620000-7fc02a624000 r--s 0001f000 fd:00 37907088                   /usr/hdp/2.5.0.0-1245/spark2/jars/commons-digester-1.8.jar
7fc02a624000-7fc02a627000 r--s 00025000 fd:00 35292634                   /usr/hdp/2.5.0.0-1245/spark2/jars/commons-dbcp-1.4.jar
7fc02a627000-7fc02a62a000 r--s 0001e000 fd:00 35292633                   /usr/hdp/2.5.0.0-1245/spark2/jars/commons-crypto-1.0.0.jar
7fc02a62a000-7fc02a630000 r--s 00043000 fd:00 35292628                   /usr/hdp/2.5.0.0-1245/spark2/jars/commons-configuration-1.6.jar
7fc02a630000-7fc02a635000 r--s 00036000 fd:00 35292627                   /usr/hdp/2.5.0.0-1245/spark2/jars/commons-compress-1.4.1.jar
7fc02a635000-7fc02a637000 r--s 00008000 fd:00 35292625                   /usr/hdp/2.5.0.0-1245/spark2/jars/commons-compiler-3.0.0.jar
7fc02a637000-7fc02a644000 r--s 00081000 fd:00 35292077                   /usr/hdp/2.5.0.0-1245/spark2/jars/commons-collections-3.2.2.jar
7fc02a644000-7fc02a64b000 r--s 0003f000 fd:00 35292067                   /usr/hdp/2.5.0.0-1245/spark2/jars/commons-codec-1.10.jar
7fc02a64b000-7fc02a64d000 r--s 00009000 fd:00 37907087                   /usr/hdp/2.5.0.0-1245/spark2/jars/commons-cli-1.2.jar
7fc02a64d000-7fc02a651000 r--s 0002f000 fd:00 37907086                   /usr/hdp/2.5.0.0-1245/spark2/jars/commons-beanutils-core-1.8.0.jar
7fc02a651000-7fc02a655000 r--s 0002a000 fd:00 37907085                   /usr/hdp/2.5.0.0-1245/spark2/jars/commons-beanutils-1.7.0.jar
7fc02a655000-7fc02a659000 r--s 00032000 fd:00 37907084                   /usr/hdp/2.5.0.0-1245/spark2/jars/chill_2.11-0.8.0.jar
7fc02a659000-7fc02a65b000 r--s 0000b000 fd:00 37907083                   /usr/hdp/2.5.0.0-1245/spark2/jars/chill-java-0.8.0.jar
7fc02a65b000-7fc02a666000 r--s 00060000 fd:00 37907082                   /usr/hdp/2.5.0.0-1245/spark2/jars/calcite-linq4j-1.2.0-incubating.jar
7fc02a666000-7fc02a69d000 r--s 00318000 fd:00 37907081                   /usr/hdp/2.5.0.0-1245/spark2/jars/calcite-core-1.2.0-incubating.jar
7fc02a69d000-7fc02a6a4000 r--s 00038000 fd:00 37907080                   /usr/hdp/2.5.0.0-1245/spark2/jars/calcite-avatica-1.2.0-incubating.jar
7fc02a6a4000-7fc02a6c5000 rw-p 00000000 00:00 0 
7fc02a6c5000-7fc02a794000 r--s 00cb4000 fd:00 37907079                   /usr/hdp/2.5.0.0-1245/spark2/jars/breeze_2.11-0.12.jar
7fc02a794000-7fc02a798000 r--s 00028000 fd:00 37907078                   /usr/hdp/2.5.0.0-1245/spark2/jars/breeze-macros_2.11-0.12.jar
7fc02a798000-7fc02a7d8000 r--s 0026b000 fd:00 37907076                   /usr/hdp/2.5.0.0-1245/spark2/jars/bcprov-jdk15on-1.51.jar
7fc02a7d8000-7fc02a7dd000 r--s 00028000 fd:00 37907074                   /usr/hdp/2.5.0.0-1245/spark2/jars/avro-mapred-1.7.7-hadoop2.jar
7fc02a7dd000-7fc02a7e6000 r--s 00061000 fd:00 37907072                   /usr/hdp/2.5.0.0-1245/spark2/jars/avro-1.7.7.jar
7fc02a7e6000-7fc02a7f8000 r--s 0010e000 fd:00 37907071                   /usr/hdp/2.5.0.0-1245/spark2/jars/arpack_combined_all-0.1.jar
7fc02a7f8000-7fc02a7f9000 ---p 00000000 00:00 0 
7fc02a7f9000-7fc02a8f9000 rw-p 00000000 00:00 0                          [stack:4940]
7fc02a8f9000-7fc02a8fc000 ---p 00000000 00:00 0 
7fc02a8fc000-7fc02a9fa000 rw-p 00000000 00:00 0                          [stack:4939]
7fc02a9fa000-7fc02a9fd000 ---p 00000000 00:00 0 
7fc02a9fd000-7fc02aafb000 rw-p 00000000 00:00 0                          [stack:4938]
7fc02aafb000-7fc02aafe000 ---p 00000000 00:00 0 
7fc02aafe000-7fc02abfc000 rw-p 00000000 00:00 0                          [stack:4937]
7fc02abfc000-7fc02abff000 ---p 00000000 00:00 0 
7fc02abff000-7fc02acfd000 rw-p 00000000 00:00 0                          [stack:4936]
7fc02acfd000-7fc02ad00000 ---p 00000000 00:00 0 
7fc02ad00000-7fc02adfe000 rw-p 00000000 00:00 0                          [stack:4935]
7fc02adfe000-7fc02ae01000 ---p 00000000 00:00 0 
7fc02ae01000-7fc02aeff000 rw-p 00000000 00:00 0                          [stack:4934]
7fc02aeff000-7fc02af02000 ---p 00000000 00:00 0 
7fc02af02000-7fc02d000000 rw-p 00000000 00:00 0                          [stack:4933]
7fc02d000000-7fc02d570000 rwxp 00000000 00:00 0 
7fc02d570000-7fc03c000000 ---p 00000000 00:00 0 
7fc03c000000-7fc03cdb3000 rw-p 00000000 00:00 0 
7fc03cdb3000-7fc040000000 ---p 00000000 00:00 0 
7fc040000000-7fc040002000 r--s 00019000 fd:00 37907077                   /usr/hdp/2.5.0.0-1245/spark2/jars/bonecp-0.8.0.RELEASE.jar
7fc040002000-7fc040004000 r--s 00003000 fd:00 37907075                   /usr/hdp/2.5.0.0-1245/spark2/jars/base64-2.3.8.jar
7fc040004000-7fc040008000 r--s 0002b000 fd:00 37907073                   /usr/hdp/2.5.0.0-1245/spark2/jars/avro-ipc-1.7.7.jar
7fc040008000-7fc04000b000 r--s 00011000 fd:00 37907070                   /usr/hdp/2.5.0.0-1245/spark2/jars/api-util-1.0.0-M20.jar
7fc04000b000-7fc04000c000 r--s 00003000 fd:00 37907069                   /usr/hdp/2.5.0.0-1245/spark2/jars/api-asn1-api-1.0.0-M20.jar
7fc04000c000-7fc04001f000 r--s 00094000 fd:00 37907068                   /usr/hdp/2.5.0.0-1245/spark2/jars/apacheds-kerberos-codec-2.0.0-M15.jar
7fc04001f000-7fc040028000 r--s 00064000 fd:00 37907066                   /usr/hdp/2.5.0.0-1245/spark2/jars/apache-log4j-extras-1.2.17.jar
7fc040028000-7fc04002a000 r--s 00002000 fd:00 37907065                   /usr/hdp/2.5.0.0-1245/spark2/jars/aopalliance-repackaged-2.4.0-b34.jar
7fc04002a000-7fc040030000 r--s 00044000 fd:00 37907059                   /usr/hdp/2.5.0.0-1245/spark2/jars/antlr4-runtime-4.5.3.jar
7fc040030000-7fc040035000 r--s 00067000 fd:00 35230175                   /usr/hdp/2.5.0.0-1245/spark2/jars/antlr-2.7.7.jar
7fc040035000-7fc040036000 ---p 00000000 00:00 0 
7fc040036000-7fc0410ea000 rw-p 00000000 00:00 0                          [stack:4932]
7fc0410ea000-7fc0412c2000 r--s 03d20000 fd:00 23762                      /usr/local/jdk/jre/lib/rt.jar
7fc0412c2000-7fc041d38000 rw-p 00000000 00:00 0 
7fc041d38000-7fc041d39000 ---p 00000000 00:00 0 
7fc041d39000-7fc041e39000 rw-p 00000000 00:00 0                          [stack:4931]
7fc041e39000-7fc041e3a000 ---p 00000000 00:00 0 
7fc041e3a000-7fc041f3a000 rw-p 00000000 00:00 0                          [stack:4930]
7fc041f3a000-7fc041f3b000 ---p 00000000 00:00 0 
7fc041f3b000-7fc04203b000 rw-p 00000000 00:00 0                          [stack:4929]
7fc04203b000-7fc04203c000 ---p 00000000 00:00 0 
7fc04203c000-7fc04214b000 rw-p 00000000 00:00 0                          [stack:4928]
7fc04214b000-7fc042292000 ---p 00000000 00:00 0 
7fc042292000-7fc0422a1000 rw-p 00000000 00:00 0 
7fc0422a1000-7fc0423e7000 ---p 00000000 00:00 0 
7fc0423e7000-7fc04242b000 rw-p 00000000 00:00 0 
7fc04242b000-7fc042492000 ---p 00000000 00:00 0 
7fc042492000-7fc0424a9000 rw-p 00000000 00:00 0 
7fc0424a9000-7fc042853000 ---p 00000000 00:00 0 
7fc042853000-7fc04286d000 r-xp 00000000 fd:00 67669568                   /usr/local/jdk/jre/lib/amd64/libzip.so
7fc04286d000-7fc042a6d000 ---p 0001a000 fd:00 67669568                   /usr/local/jdk/jre/lib/amd64/libzip.so
7fc042a6d000-7fc042a6e000 rw-p 0001a000 fd:00 67669568                   /usr/local/jdk/jre/lib/amd64/libzip.so
7fc042a6e000-7fc042a7a000 r-xp 00000000 fd:00 67630385                   /usr/lib64/libnss_files-2.17.so
7fc042a7a000-7fc042c79000 ---p 0000c000 fd:00 67630385                   /usr/lib64/libnss_files-2.17.so
7fc042c79000-7fc042c7a000 r--p 0000b000 fd:00 67630385                   /usr/lib64/libnss_files-2.17.so
7fc042c7a000-7fc042c7b000 rw-p 0000c000 fd:00 67630385                   /usr/lib64/libnss_files-2.17.so
7fc042c7b000-7fc042c81000 rw-p 00000000 00:00 0 
7fc042c81000-7fc042cab000 r-xp 00000000 fd:00 67669548                   /usr/local/jdk/jre/lib/amd64/libjava.so
7fc042cab000-7fc042eab000 ---p 0002a000 fd:00 67669548                   /usr/local/jdk/jre/lib/amd64/libjava.so
7fc042eab000-7fc042ead000 rw-p 0002a000 fd:00 67669548                   /usr/local/jdk/jre/lib/amd64/libjava.so
7fc042ead000-7fc042eba000 r-xp 00000000 fd:00 67669562                   /usr/local/jdk/jre/lib/amd64/libverify.so
7fc042eba000-7fc0430ba000 ---p 0000d000 fd:00 67669562                   /usr/local/jdk/jre/lib/amd64/libverify.so
7fc0430ba000-7fc0430bc000 rw-p 0000d000 fd:00 67669562                   /usr/local/jdk/jre/lib/amd64/libverify.so
7fc0430bc000-7fc0430c3000 r-xp 00000000 fd:00 67630397                   /usr/lib64/librt-2.17.so
7fc0430c3000-7fc0432c2000 ---p 00007000 fd:00 67630397                   /usr/lib64/librt-2.17.so
7fc0432c2000-7fc0432c3000 r--p 00006000 fd:00 67630397                   /usr/lib64/librt-2.17.so
7fc0432c3000-7fc0432c4000 rw-p 00007000 fd:00 67630397                   /usr/lib64/librt-2.17.so
7fc0432c4000-7fc0433c4000 r-xp 00000000 fd:00 67630375                   /usr/lib64/libm-2.17.so
7fc0433c4000-7fc0435c4000 ---p 00100000 fd:00 67630375                   /usr/lib64/libm-2.17.so
7fc0435c4000-7fc0435c5000 r--p 00100000 fd:00 67630375                   /usr/lib64/libm-2.17.so
7fc0435c5000-7fc0435c6000 rw-p 00101000 fd:00 67630375                   /usr/lib64/libm-2.17.so
7fc0435c6000-7fc044284000 r-xp 00000000 fd:00 23754                      /usr/local/jdk/jre/lib/amd64/server/libjvm.so
7fc044284000-7fc044483000 ---p 00cbe000 fd:00 23754                      /usr/local/jdk/jre/lib/amd64/server/libjvm.so
7fc044483000-7fc04455b000 rw-p 00cbd000 fd:00 23754                      /usr/local/jdk/jre/lib/amd64/server/libjvm.so
7fc04455b000-7fc0445a0000 rw-p 00000000 00:00 0 
7fc0445a0000-7fc044756000 r-xp 00000000 fd:00 67187027                   /usr/lib64/libc-2.17.so
7fc044756000-7fc044956000 ---p 001b6000 fd:00 67187027                   /usr/lib64/libc-2.17.so
7fc044956000-7fc04495a000 r--p 001b6000 fd:00 67187027                   /usr/lib64/libc-2.17.so
7fc04495a000-7fc04495c000 rw-p 001ba000 fd:00 67187027                   /usr/lib64/libc-2.17.so
7fc04495c000-7fc044961000 rw-p 00000000 00:00 0 
7fc044961000-7fc044963000 r-xp 00000000 fd:00 67630373                   /usr/lib64/libdl-2.17.so
7fc044963000-7fc044b63000 ---p 00002000 fd:00 67630373                   /usr/lib64/libdl-2.17.so
7fc044b63000-7fc044b64000 r--p 00002000 fd:00 67630373                   /usr/lib64/libdl-2.17.so
7fc044b64000-7fc044b65000 rw-p 00003000 fd:00 67630373                   /usr/lib64/libdl-2.17.so
7fc044b65000-7fc044b7a000 r-xp 00000000 fd:00 101046462                  /usr/local/jdk/lib/amd64/jli/libjli.so
7fc044b7a000-7fc044d7a000 ---p 00015000 fd:00 101046462                  /usr/local/jdk/lib/amd64/jli/libjli.so
7fc044d7a000-7fc044d7b000 rw-p 00015000 fd:00 101046462                  /usr/local/jdk/lib/amd64/jli/libjli.so
7fc044d7b000-7fc044d92000 r-xp 00000000 fd:00 67630393                   /usr/lib64/libpthread-2.17.so
7fc044d92000-7fc044f91000 ---p 00017000 fd:00 67630393                   /usr/lib64/libpthread-2.17.so
7fc044f91000-7fc044f92000 r--p 00016000 fd:00 67630393                   /usr/lib64/libpthread-2.17.so
7fc044f92000-7fc044f93000 rw-p 00017000 fd:00 67630393                   /usr/lib64/libpthread-2.17.so
7fc044f93000-7fc044f97000 rw-p 00000000 00:00 0 
7fc044f97000-7fc044fb7000 r-xp 00000000 fd:00 67165930                   /usr/lib64/ld-2.17.so
7fc044fb7000-7fc044fb8000 r--s 0000a000 fd:00 37907067                   /usr/hdp/2.5.0.0-1245/spark2/jars/apacheds-i18n-2.0.0-M15.jar
7fc044fb8000-7fc044fba000 r--s 00000000 fd:00 37907064                   /usr/hdp/2.5.0.0-1245/spark2/jars/aopalliance-1.0.jar
7fc044fba000-7fc0450a0000 rw-p 00000000 00:00 0 
7fc0450a0000-7fc0450a8000 rw-s 00000000 fd:00 43013777                   /tmp/hsperfdata_root/4900
7fc0450a8000-7fc0450ab000 ---p 00000000 00:00 0 
7fc0450ab000-7fc0451ad000 rw-p 00000000 00:00 0                          [stack:4927]
7fc0451ad000-7fc0451b1000 r--s 00025000 fd:00 37907058                   /usr/hdp/2.5.0.0-1245/spark2/jars/antlr-runtime-3.4.jar
7fc0451b1000-7fc0451b3000 r--s 0000f000 fd:00 35230638                   /usr/hdp/2.5.0.0-1245/spark2/jars/activation-1.1.1.jar
7fc0451b3000-7fc0451b4000 rw-p 00000000 00:00 0 
7fc0451b4000-7fc0451b5000 ---p 00000000 00:00 0 
7fc0451b5000-7fc0451b6000 rw-p 00000000 00:00 0 
7fc0451b6000-7fc0451b7000 r--p 0001f000 fd:00 67165930                   /usr/lib64/ld-2.17.so
7fc0451b7000-7fc0451b8000 rw-p 00020000 fd:00 67165930                   /usr/lib64/ld-2.17.so
7fc0451b8000-7fc0451b9000 rw-p 00000000 00:00 0 
7ffc189ac000-7ffc189cd000 rw-p 00000000 00:00 0                          [stack]
7ffc189ee000-7ffc189f0000 r-xp 00000000 00:00 0                          [vdso]
ffffffffff600000-ffffffffff601000 r-xp 00000000 00:00 0                  [vsyscall]

VM Arguments:
jvm_args: -Xmx1g 
java_command: org.apache.spark.deploy.SparkSubmit pyspark-shell
java_class_path (initial): /usr/hdp/current/spark2-client/conf/:/usr/hdp/2.5.0.0-1245/spark2/jars/activation-1.1.1.jar:/usr/hdp/2.5.0.0-1245/spark2/jars/antlr-2.7.7.jar:/usr/hdp/2.5.0.0-1245/spark2/jars/antlr-runtime-3.4.jar:/usr/hdp/2.5.0.0-1245/spark2/jars/antlr4-runtime-4.5.3.jar:/usr/hdp/2.5.0.0-1245/spark2/jars/aopalliance-1.0.jar:/usr/hdp/2.5.0.0-1245/spark2/jars/aopalliance-repackaged-2.4.0-b34.jar:/usr/hdp/2.5.0.0-1245/spark2/jars/apache-log4j-extras-1.2.17.jar:/usr/hdp/2.5.0.0-1245/spark2/jars/apacheds-i18n-2.0.0-M15.jar:/usr/hdp/2.5.0.0-1245/spark2/jars/apacheds-kerberos-codec-2.0.0-M15.jar:/usr/hdp/2.5.0.0-1245/spark2/jars/api-asn1-api-1.0.0-M20.jar:/usr/hdp/2.5.0.0-1245/spark2/jars/api-util-1.0.0-M20.jar:/usr/hdp/2.5.0.0-1245/spark2/jars/arpack_combined_all-0.1.jar:/usr/hdp/2.5.0.0-1245/spark2/jars/avro-1.7.7.jar:/usr/hdp/2.5.0.0-1245/spark2/jars/avro-ipc-1.7.7.jar:/usr/hdp/2.5.0.0-1245/spark2/jars/avro-mapred-1.7.7-hadoop2.jar:/usr/hdp/2.5.0.0-1245/spark2/jars/base64-2.3.8.jar:/usr/hdp/2.5.0.0-1245/spark2/jars/bcprov-jdk15on-1.51.jar:/usr/hdp/2.5.0.0-1245/spark2/jars/bonecp-0.8.0.RELEASE.jar:/usr/hdp/2.5.0.0-1245/spark2/jars/breeze-macros_2.11-0.12.jar:/usr/hdp/2.5.0.0-1245/spark2/jars/breeze_2.11-0.12.jar:/usr/hdp/2.5.0.0-1245/spark2/jars/calcite-avatica-1.2.0-incubating.jar:/usr/hdp/2.5.0.0-1245/spark2/jars/calcite-core-1.2.0-incubating.jar:/usr/hdp/2.5.0.0-1245/spark2/jars/calcite-linq4j-1.2.0-incubating.jar:/usr/hdp/2.5.0.0-1245/spark2/jars/chill-java-0.8.0.jar:/usr/hdp/2.5.0.0-1245/spark2/jars/chill_2.11-0.8.0.jar:/usr/hdp/2.5.0.0-1245/spark2/jars/commons-beanutils-1.7.0.jar:/usr/hdp/2.5.0.0-1245/spark2/jars/commons-beanutils-core-1.8.0.jar:/usr/hdp/2.5.0.0-1245/spark2/jars/commons-cli-1.2.jar:/usr/hdp/2.5.0.0-1245/spark2/jars/commons-codec-1.10.jar:/usr/hdp/2.5.0.0-1245/spark2/jars/commons-collections-3.2.2.jar:/usr/hdp/2.5.0.0-1245/spark2/jars/commons-compiler-3.0.0.jar:/usr/hdp/2.5.0.0-1245/spark2/jars/commons-compress-1.4.1.jar:/usr/hdp/2.5.0
Launcher Type: SUN_STANDARD

Environment Variables:
JAVA_HOME=/usr/local/jdk
JRE_HOME=/usr/local/jdk/jre
CLASSPATH=.:/usr/local/jdk/lib:/usr/local/jdk/jre/lib:
PATH=/data/1xiu/anaconda2/bin:/data/1xiu/anaconda2/bin:/usr/hdp/2.5.0.0-1245/spark2/bin:/usr/lib64/qt-3.3/bin:/usr/local/jdk/bin:/usr/local/jdk/jre/bin:/usr/local/jdk:/usr/local/sbin:/usr/local/bin:/usr/sbin:/usr/bin:/data/tools/scala-2.12.2/bin:/root/bin
LD_LIBRARY_PATH=/usr/hdp/current/hadoop-client/lib/native:/usr/hdp/current/hadoop-client/lib/native/Linux-amd64-64
SHELL=/bin/bash

Signal Handlers:
SIGSEGV: [libjvm.so+0xaba070], sa_mask[0]=11111111011111111101111111111110, sa_flags=SA_RESTART|SA_SIGINFO
SIGBUS: [libjvm.so+0xaba070], sa_mask[0]=11111111011111111101111111111110, sa_flags=SA_RESTART|SA_SIGINFO
SIGFPE: [libjvm.so+0x917630], sa_mask[0]=11111111011111111101111111111110, sa_flags=SA_RESTART|SA_SIGINFO
SIGPIPE: [libjvm.so+0x917630], sa_mask[0]=11111111011111111101111111111110, sa_flags=SA_RESTART|SA_SIGINFO
SIGXFSZ: [libjvm.so+0x917630], sa_mask[0]=11111111011111111101111111111110, sa_flags=SA_RESTART|SA_SIGINFO
SIGILL: [libjvm.so+0x917630], sa_mask[0]=11111111011111111101111111111110, sa_flags=SA_RESTART|SA_SIGINFO
SIGUSR1: SIG_DFL, sa_mask[0]=00000000000000000000000000000000, sa_flags=none
SIGUSR2: [libjvm.so+0x918c60], sa_mask[0]=00000000000000000000000000000000, sa_flags=SA_RESTART|SA_SIGINFO
SIGHUP: SIG_IGN, sa_mask[0]=00000000000000000000000000000000, sa_flags=none
SIGINT: SIG_IGN, sa_mask[0]=00000000000000000000000000000000, sa_flags=none
SIGTERM: [libjvm.so+0x91a060], sa_mask[0]=11111111011111111101111111111110, sa_flags=SA_RESTART|SA_SIGINFO
SIGQUIT: [libjvm.so+0x91a060], sa_mask[0]=11111111011111111101111111111110, sa_flags=SA_RESTART|SA_SIGINFO


---------------  S Y S T E M  ---------------

OS:CentOS Linux release 7.2.1511 (Core) 

uname:Linux 3.10.0-327.el7.x86_64 #1 SMP Thu Nov 19 22:10:57 UTC 2015 x86_64
libc:glibc 2.17 NPTL 2.17 
rlimit: STACK 8192k, CORE 0k, NPROC 15088, NOFILE 4096, AS infinity
load average:3.42 2.10 0.92

/proc/meminfo:
MemTotal:        3882460 kB
MemFree:           91732 kB
MemAvailable:      31376 kB
Buffers:               0 kB
Cached:            17528 kB
SwapCached:          828 kB
Active:          2627568 kB
Inactive:         995404 kB
Active(anon):    2622908 kB
Inactive(anon):   985872 kB
Active(file):       4660 kB
Inactive(file):     9532 kB
Unevictable:           0 kB
Mlocked:               0 kB
SwapTotal:       2097148 kB
SwapFree:              0 kB
Dirty:               276 kB
Writeback:             0 kB
AnonPages:       3604260 kB
Mapped:             3432 kB
Shmem:              2904 kB
Slab:              68576 kB
SReclaimable:      34028 kB
SUnreclaim:        34548 kB
KernelStack:       17504 kB
PageTables:        28224 kB
NFS_Unstable:          0 kB
Bounce:                0 kB
WritebackTmp:          0 kB
CommitLimit:     4038376 kB
Committed_AS:    9574124 kB
VmallocTotal:   34359738367 kB
VmallocUsed:      161104 kB
VmallocChunk:   34359568380 kB
HardwareCorrupted:     0 kB
AnonHugePages:    724992 kB
HugePages_Total:       0
HugePages_Free:        0
HugePages_Rsvd:        0
HugePages_Surp:        0
Hugepagesize:       2048 kB
DirectMap4k:       47040 kB
DirectMap2M:     4147200 kB
DirectMap1G:     2097152 kB


CPU:total 4 (1 cores per cpu, 1 threads per core) family 6 model 63 stepping 2, cmov, cx8, fxsr, mmx, sse, sse2, sse3, ssse3, sse4.1, sse4.2, popcnt, avx, aes, clmul, erms, tsc, tscinvbit

/proc/cpuinfo:
processor	: 0
vendor_id	: GenuineIntel
cpu family	: 6
model		: 63
model name	: Intel(R) Xeon(R) CPU E5-2620 v3 @ 2.40GHz
stepping	: 2
microcode	: 0x2e
cpu MHz		: 2394.455
cache size	: 15360 KB
physical id	: 0
siblings	: 1
core id		: 0
cpu cores	: 1
apicid		: 0
initial apicid	: 0
fpu		: yes
fpu_exception	: yes
cpuid level	: 15
wp		: yes
flags		: fpu vme de pse tsc msr pae mce cx8 apic sep mtrr pge mca cmov pat pse36 clflush dts mmx fxsr sse sse2 ss syscall nx pdpe1gb rdtscp lm constant_tsc arch_perfmon pebs bts nopl xtopology tsc_reliable nonstop_tsc aperfmperf eagerfpu pni pclmulqdq ssse3 fma cx16 pcid sse4_1 sse4_2 x2apic movbe popcnt aes xsave avx f16c rdrand hypervisor lahf_lm ida arat epb pln pts dtherm fsgsbase smep xsaveopt cqm_llc cqm_occup_llc
bogomips	: 4788.91
clflush size	: 64
cache_alignment	: 64
address sizes	: 40 bits physical, 48 bits virtual
power management:

processor	: 1
vendor_id	: GenuineIntel
cpu family	: 6
model		: 63
model name	: Intel(R) Xeon(R) CPU E5-2620 v3 @ 2.40GHz
stepping	: 2
microcode	: 0x2e
cpu MHz		: 2394.455
cache size	: 15360 KB
physical id	: 2
siblings	: 1
core id		: 0
cpu cores	: 1
apicid		: 2
initial apicid	: 2
fpu		: yes
fpu_exception	: yes
cpuid level	: 15
wp		: yes
flags		: fpu vme de pse tsc msr pae mce cx8 apic sep mtrr pge mca cmov pat pse36 clflush dts mmx fxsr sse sse2 ss syscall nx pdpe1gb rdtscp lm constant_tsc arch_perfmon pebs bts nopl xtopology tsc_reliable nonstop_tsc aperfmperf eagerfpu pni pclmulqdq ssse3 fma cx16 pcid sse4_1 sse4_2 x2apic movbe popcnt aes xsave avx f16c rdrand hypervisor lahf_lm ida arat epb pln pts dtherm fsgsbase smep xsaveopt cqm_llc cqm_occup_llc
bogomips	: 4788.91
clflush size	: 64
cache_alignment	: 64
address sizes	: 40 bits physical, 48 bits virtual
power management:

processor	: 2
vendor_id	: GenuineIntel
cpu family	: 6
model		: 63
model name	: Intel(R) Xeon(R) CPU E5-2620 v3 @ 2.40GHz
stepping	: 2
microcode	: 0x2e
cpu MHz		: 2394.455
cache size	: 15360 KB
physical id	: 4
siblings	: 1
core id		: 0
cpu cores	: 1
apicid		: 4
initial apicid	: 4
fpu		: yes
fpu_exception	: yes
cpuid level	: 15
wp		: yes
flags		: fpu vme de pse tsc msr pae mce cx8 apic sep mtrr pge mca cmov pat pse36 clflush dts mmx fxsr sse sse2 ss syscall nx pdpe1gb rdtscp lm constant_tsc arch_perfmon pebs bts nopl xtopology tsc_reliable nonstop_tsc aperfmperf eagerfpu pni pclmulqdq ssse3 fma cx16 pcid sse4_1 sse4_2 x2apic movbe popcnt aes xsave avx f16c rdrand hypervisor lahf_lm ida arat epb pln pts dtherm fsgsbase smep xsaveopt cqm_llc cqm_occup_llc
bogomips	: 4788.91
clflush size	: 64
cache_alignment	: 64
address sizes	: 40 bits physical, 48 bits virtual
power management:

processor	: 3
vendor_id	: GenuineIntel
cpu family	: 6
model		: 63
model name	: Intel(R) Xeon(R) CPU E5-2620 v3 @ 2.40GHz
stepping	: 2
microcode	: 0x2e
cpu MHz		: 2394.455
cache size	: 15360 KB
physical id	: 6
siblings	: 1
core id		: 0
cpu cores	: 1
apicid		: 6
initial apicid	: 6
fpu		: yes
fpu_exception	: yes
cpuid level	: 15
wp		: yes
flags		: fpu vme de pse tsc msr pae mce cx8 apic sep mtrr pge mca cmov pat pse36 clflush dts mmx fxsr sse sse2 ss syscall nx pdpe1gb rdtscp lm constant_tsc arch_perfmon pebs bts nopl xtopology tsc_reliable nonstop_tsc aperfmperf eagerfpu pni pclmulqdq ssse3 fma cx16 pcid sse4_1 sse4_2 x2apic movbe popcnt aes xsave avx f16c rdrand hypervisor lahf_lm ida arat epb pln pts dtherm fsgsbase smep xsaveopt cqm_llc cqm_occup_llc
bogomips	: 4788.91
clflush size	: 64
cache_alignment	: 64
address sizes	: 40 bits physical, 48 bits virtual
power management:



Memory: 4k page, physical 3882460k(89872k free), swap 2097148k(0k free)

vm_info: Java HotSpot(TM) 64-Bit Server VM (25.65-b01) for linux-amd64 JRE (1.8.0_65-b17), built on Oct  6 2015 17:16:12 by "java_re" with gcc 4.3.0 20080428 (Red Hat 4.3.0-8)

time: Mon Jul 24 11:42:25 2017
elapsed time: 6 seconds (0d 0h 0m 6s)

